SF:lib\data\models\movie\genre_model.dart
DA:5,6
DA:13,6
DA:14,3
DA:15,3
DA:18,4
DA:19,2
DA:20,2
DA:23,3
DA:24,9
DA:27,3
DA:28,9
LF:11
LH:11
end_of_record
SF:lib\domain\entities\movie\genre.dart
DA:4,25
DA:12,6
DA:13,18
LF:3
LH:3
end_of_record
SF:lib\data\models\tv_series\genre_model.dart
DA:5,6
DA:13,6
DA:14,3
DA:15,3
DA:18,4
DA:19,2
DA:20,2
DA:23,3
DA:24,9
DA:27,3
DA:28,9
LF:11
LH:11
end_of_record
SF:lib\data\models\movie\movie_detail_model.dart
DA:7,3
DA:55,2
DA:56,2
DA:57,2
DA:58,2
DA:59,2
DA:60,2
DA:61,2
DA:62,8
DA:63,2
DA:64,2
DA:65,2
DA:66,2
DA:67,2
DA:68,2
DA:69,4
DA:70,2
DA:71,2
DA:72,2
DA:73,2
DA:74,2
DA:75,2
DA:76,2
DA:77,2
DA:78,4
DA:79,2
DA:82,2
DA:83,1
DA:84,1
DA:85,1
DA:86,1
DA:87,5
DA:88,1
DA:89,1
DA:90,1
DA:91,1
DA:92,1
DA:93,1
DA:94,1
DA:95,1
DA:96,1
DA:97,1
DA:98,1
DA:99,1
DA:100,1
DA:101,1
DA:102,1
DA:103,1
DA:104,1
DA:107,2
DA:108,2
DA:109,2
DA:110,2
DA:111,2
DA:112,10
DA:113,2
DA:114,2
DA:115,2
DA:116,2
DA:117,2
DA:118,2
DA:119,2
DA:120,2
DA:121,2
DA:125,2
DA:126,2
DA:127,2
DA:128,2
DA:129,2
DA:130,2
DA:131,2
DA:132,2
DA:133,2
DA:134,2
DA:135,2
DA:136,2
DA:137,2
DA:138,2
DA:139,2
DA:140,2
DA:141,2
DA:142,2
DA:143,2
DA:144,2
DA:145,2
DA:146,2
DA:147,2
DA:148,2
LF:88
LH:88
end_of_record
SF:lib\domain\entities\movie\movie_detail.dart
DA:5,11
DA:35,2
DA:36,2
DA:37,2
DA:38,2
DA:39,2
DA:40,2
DA:41,2
DA:42,2
DA:43,2
DA:44,2
DA:45,2
DA:46,2
DA:47,2
DA:48,2
LF:15
LH:15
end_of_record
SF:lib\data\datasources\movie\movie_local_data_source.dart
DA:15,1
DA:18,1
DA:20,3
DA:23,2
DA:28,1
DA:30,3
DA:33,2
DA:38,1
DA:39,3
DA:41,1
DA:48,1
DA:49,3
DA:50,4
LF:13
LH:13
end_of_record
SF:lib\utils\exception.dart
DA:6,2
LF:1
LH:1
end_of_record
SF:lib\data\models\movie\movie_table.dart
DA:12,3
DA:20,2
DA:21,1
DA:22,1
DA:23,1
DA:24,1
DA:25,1
DA:28,2
DA:29,1
DA:30,1
DA:31,1
DA:32,1
DA:33,1
DA:36,2
DA:37,1
DA:38,1
DA:39,1
DA:40,1
DA:41,1
DA:44,2
DA:45,1
DA:46,1
DA:47,1
DA:48,1
DA:49,1
DA:52,2
DA:53,12
LF:27
LH:27
end_of_record
SF:lib\domain\entities\movie\movie.dart
DA:5,8
DA:22,5
DA:45,4
DA:46,4
DA:47,4
DA:48,4
DA:49,4
DA:50,4
DA:51,4
DA:52,4
DA:53,4
DA:54,4
DA:55,4
DA:56,4
DA:57,4
DA:58,4
DA:59,4
DA:60,4
LF:18
LH:18
end_of_record
SF:lib\data\datasources\db\database_helper.dart
DA:9,0
DA:13,0
DA:17,0
DA:18,0
DA:24,0
DA:25,0
DA:26,0
DA:28,0
DA:31,0
DA:32,0
DA:37,0
DA:38,0
DA:47,0
DA:51,0
DA:52,0
DA:53,0
DA:56,0
DA:57,0
DA:58,0
DA:61,0
DA:65,0
DA:66,0
DA:67,0
DA:70,0
DA:73,0
DA:74,0
DA:80,0
DA:81,0
DA:82,0
LF:29
LH:0
end_of_record
SF:lib\data\datasources\movie\movie_remote_data_source.dart
DA:22,1
DA:25,1
DA:27,5
DA:29,2
DA:31,4
DA:32,2
DA:33,1
DA:37,1
DA:42,1
DA:43,5
DA:45,2
DA:46,3
DA:47,1
DA:51,1
DA:56,1
DA:57,2
DA:58,3
DA:60,2
DA:62,4
DA:63,2
DA:64,1
DA:68,1
DA:73,1
DA:75,5
DA:77,2
DA:79,4
DA:80,2
DA:81,1
DA:85,1
DA:90,1
DA:92,5
DA:94,2
DA:96,4
DA:97,2
DA:98,1
DA:102,1
DA:107,1
DA:108,2
DA:109,3
DA:111,2
DA:113,4
DA:114,2
DA:115,1
DA:119,1
LF:44
LH:44
end_of_record
SF:lib\data\datasources\tv_series\tv_series_remote_data_source.dart
DA:25,1
DA:28,1
DA:29,5
DA:31,2
DA:32,4
DA:34,1
DA:39,1
DA:41,5
DA:43,2
DA:44,4
DA:46,1
DA:51,1
DA:53,5
DA:55,2
DA:56,4
DA:58,1
DA:63,1
DA:64,5
DA:66,2
DA:67,3
DA:69,1
DA:74,1
DA:76,5
DA:78,2
DA:79,4
DA:81,1
DA:86,1
DA:88,5
DA:89,2
DA:90,4
DA:92,1
DA:97,1
DA:99,5
DA:100,2
DA:101,4
DA:103,1
LF:36
LH:36
end_of_record
SF:lib\data\models\movie\movie_model.dart
DA:6,4
DA:38,6
DA:39,3
DA:40,3
DA:41,3
DA:42,12
DA:43,3
DA:44,3
DA:45,3
DA:46,6
DA:47,3
DA:48,3
DA:49,3
DA:50,3
DA:51,6
DA:52,3
DA:55,4
DA:56,2
DA:57,2
DA:58,2
DA:59,8
DA:60,2
DA:61,2
DA:62,2
DA:63,2
DA:64,2
DA:65,2
DA:66,2
DA:67,2
DA:68,2
DA:69,2
DA:72,2
DA:73,2
DA:74,2
DA:75,2
DA:76,2
DA:77,2
DA:78,2
DA:79,2
DA:80,2
DA:81,2
DA:82,2
DA:83,2
DA:84,2
DA:85,2
DA:86,2
DA:87,2
DA:91,3
DA:92,3
DA:93,3
DA:94,3
DA:95,3
DA:96,3
DA:97,3
DA:98,3
DA:99,3
DA:100,3
DA:101,3
DA:102,3
DA:103,3
DA:104,3
DA:105,3
DA:106,3
LF:63
LH:63
end_of_record
SF:lib\data\models\tv_series\episode_model.dart
DA:5,7
DA:27,6
DA:28,3
DA:29,3
DA:30,3
DA:31,3
DA:32,3
DA:33,3
DA:34,3
DA:35,3
DA:36,3
DA:38,4
DA:39,2
DA:40,2
DA:41,2
DA:42,2
DA:43,2
DA:44,2
DA:45,2
DA:46,2
DA:47,2
DA:50,4
DA:51,2
DA:52,2
DA:53,2
DA:54,2
DA:55,2
DA:56,2
DA:57,2
DA:58,2
DA:59,2
DA:62,3
DA:63,3
DA:64,3
DA:65,3
DA:66,3
DA:67,3
DA:68,3
DA:69,3
DA:70,3
DA:71,3
DA:72,3
LF:42
LH:42
end_of_record
SF:lib\data\models\tv_series\tv_series_detail_model.dart
DA:9,3
DA:63,2
DA:64,2
DA:65,2
DA:66,2
DA:67,8
DA:68,2
DA:69,2
DA:70,10
DA:71,2
DA:72,2
DA:73,2
DA:74,8
DA:75,2
DA:76,4
DA:77,2
DA:78,2
DA:79,2
DA:81,10
DA:82,2
DA:83,2
DA:84,2
DA:85,4
DA:86,2
DA:87,2
DA:88,10
DA:89,2
DA:90,2
DA:91,4
DA:92,2
DA:95,2
DA:96,1
DA:97,1
DA:99,5
DA:100,1
DA:101,6
DA:102,1
DA:103,1
DA:104,1
DA:105,5
DA:106,1
DA:107,2
DA:108,1
DA:109,1
DA:110,1
DA:112,5
DA:113,1
DA:114,1
DA:115,1
DA:116,1
DA:117,1
DA:118,6
DA:119,1
DA:120,1
DA:121,1
DA:122,1
DA:125,4
DA:126,2
DA:127,2
DA:128,8
DA:129,2
DA:130,10
DA:131,2
DA:132,8
DA:133,2
DA:134,2
DA:135,2
DA:136,2
DA:137,8
DA:138,2
DA:139,2
DA:140,2
DA:141,2
DA:142,2
DA:143,10
DA:144,2
DA:145,2
DA:146,2
DA:147,2
DA:150,2
DA:151,2
DA:152,2
DA:153,2
DA:154,2
DA:155,2
DA:156,2
DA:157,2
DA:158,2
DA:159,2
DA:160,2
DA:161,2
DA:162,2
DA:163,2
DA:164,2
DA:165,2
DA:166,2
DA:167,2
DA:168,2
DA:169,2
DA:170,2
DA:171,2
DA:172,2
DA:173,2
DA:174,2
DA:175,2
DA:176,2
LF:106
LH:106
end_of_record
SF:lib\data\models\tv_series\tv_series_model.dart
DA:6,4
DA:38,4
DA:39,2
DA:40,2
DA:41,2
DA:42,2
DA:43,10
DA:44,2
DA:46,10
DA:47,2
DA:48,2
DA:49,2
DA:50,4
DA:51,2
DA:52,4
DA:53,2
DA:56,2
DA:57,1
DA:58,1
DA:59,1
DA:60,1
DA:61,5
DA:62,1
DA:64,5
DA:65,1
DA:66,1
DA:67,1
DA:68,1
DA:69,1
DA:70,1
DA:71,1
DA:74,4
DA:75,2
DA:76,2
DA:77,2
DA:78,2
DA:79,2
DA:80,2
DA:81,8
DA:82,2
DA:83,2
DA:84,2
DA:85,2
DA:86,2
DA:87,2
DA:88,2
DA:91,2
DA:92,2
DA:93,2
DA:94,2
DA:95,2
DA:96,2
DA:97,2
DA:98,2
DA:99,2
DA:100,2
DA:101,2
DA:102,2
DA:103,2
DA:104,2
DA:105,2
DA:106,2
LF:62
LH:62
end_of_record
SF:lib\domain\entities\tv_series\episode.dart
DA:4,11
DA:26,2
DA:27,2
DA:28,2
DA:29,2
DA:30,2
DA:31,2
DA:32,2
DA:33,2
DA:34,2
DA:35,2
DA:36,2
LF:12
LH:12
end_of_record
SF:lib\domain\entities\tv_series\tv_series.dart
DA:5,5
DA:22,0
DA:45,2
DA:46,2
DA:47,2
DA:48,2
DA:49,2
DA:50,2
DA:51,2
DA:52,2
DA:53,2
DA:54,2
DA:55,2
DA:56,2
DA:57,2
DA:58,2
DA:59,2
DA:60,2
LF:18
LH:17
end_of_record
SF:lib\domain\entities\tv_series\tv_series_detail.dart
DA:6,10
DA:54,2
DA:55,2
DA:56,2
DA:57,2
DA:58,2
DA:59,2
DA:60,2
DA:61,2
DA:62,2
DA:63,2
DA:64,2
DA:65,2
DA:66,2
DA:67,2
DA:68,2
DA:69,2
DA:70,2
DA:71,2
DA:72,2
DA:73,2
DA:74,2
DA:75,2
DA:76,2
DA:77,2
LF:25
LH:25
end_of_record
SF:lib\utils\failure.dart
DA:6,12
DA:8,1
DA:9,2
DA:13,10
DA:17,4
DA:21,5
LF:6
LH:6
end_of_record
SF:lib\utils\state_enum.dart
DA:1,45
LF:1
LH:1
end_of_record
SF:lib\utils\encrypt.dart
DA:3,0
DA:4,0
DA:5,0
DA:7,0
DA:9,0
DA:11,0
LF:6
LH:0
end_of_record
SF:lib\styles\text_style.dart
DA:4,4
DA:5,2
DA:6,12
DA:8,0
DA:10,0
DA:13,0
LF:6
LH:3
end_of_record
SF:lib\data\models\movie\movie_response.dart
DA:7,2
DA:9,4
DA:10,4
DA:11,6
DA:12,6
DA:15,2
DA:16,5
DA:19,1
DA:20,2
LF:9
LH:9
end_of_record
SF:lib\data\models\tv_series\epidose_response.dart
DA:7,3
DA:9,2
DA:10,2
DA:11,2
DA:12,8
DA:15,2
DA:16,5
DA:19,1
DA:20,2
LF:9
LH:9
end_of_record
SF:lib\data\models\tv_series\tv_series_response.dart
DA:7,2
DA:9,2
DA:10,2
DA:11,4
DA:12,6
DA:13,6
DA:16,2
DA:17,5
DA:20,1
DA:21,2
LF:10
LH:10
end_of_record
SF:lib\data\models\tv_series\season_model.dart
DA:5,4
DA:23,4
DA:24,2
DA:25,2
DA:26,2
DA:27,2
DA:28,2
DA:29,2
DA:30,2
DA:33,2
DA:34,1
DA:35,1
DA:36,1
DA:37,1
DA:38,1
DA:39,1
DA:40,1
DA:43,4
DA:44,2
DA:45,2
DA:46,2
DA:47,2
DA:48,2
DA:49,2
DA:50,2
DA:53,2
DA:54,2
DA:55,2
DA:56,2
DA:57,2
DA:58,2
DA:59,2
DA:60,2
DA:61,2
LF:34
LH:34
end_of_record
SF:lib\domain\entities\tv_series\season.dart
DA:4,10
DA:22,2
DA:23,2
DA:24,2
DA:25,2
DA:26,2
DA:27,2
DA:28,2
DA:29,2
DA:30,2
LF:10
LH:10
end_of_record
SF:lib\data\models\tv_series\tv_series_table.dart
DA:13,1
DA:21,0
DA:22,0
DA:23,0
DA:24,0
DA:25,0
DA:26,0
DA:29,0
DA:30,0
DA:31,0
DA:32,0
DA:33,0
DA:34,0
DA:37,2
DA:38,1
DA:39,1
DA:40,1
DA:41,1
DA:42,1
DA:45,0
DA:46,0
DA:47,0
DA:48,0
DA:49,0
DA:50,0
DA:53,0
DA:54,0
DA:55,0
DA:56,0
DA:57,0
DA:58,0
DA:59,0
LF:32
LH:7
end_of_record
SF:lib\data\repositories\movie_repository_impl.dart
DA:17,1
DA:23,1
DA:25,3
DA:26,5
DA:27,1
DA:29,1
DA:35,1
DA:37,3
DA:38,2
DA:39,1
DA:41,1
DA:47,1
DA:49,3
DA:50,3
DA:51,1
DA:53,1
DA:59,1
DA:61,3
DA:62,5
DA:63,1
DA:65,1
DA:71,1
DA:73,3
DA:74,5
DA:75,1
DA:77,1
DA:83,1
DA:85,3
DA:86,5
DA:87,1
DA:89,1
DA:95,1
DA:98,4
DA:99,1
DA:100,1
DA:101,3
DA:106,1
DA:108,3
DA:109,1
DA:110,1
DA:111,3
DA:116,1
DA:117,3
DA:122,1
DA:123,3
DA:124,5
LF:46
LH:46
end_of_record
SF:lib\domain\usecases\get_watchlist_status.dart
DA:6,1
DA:8,1
DA:9,2
LF:3
LH:3
end_of_record
SF:lib\data\repositories\tv_series_repository_impl.dart
DA:16,1
DA:21,1
DA:23,3
DA:24,5
DA:25,1
DA:27,1
DA:33,1
DA:35,3
DA:36,5
DA:37,1
DA:39,1
DA:45,1
DA:47,3
DA:48,5
DA:49,1
DA:51,1
DA:57,1
DA:59,3
DA:60,2
DA:61,1
DA:63,1
DA:69,1
DA:72,3
DA:73,5
DA:74,1
DA:76,1
DA:82,1
DA:86,3
DA:87,5
DA:88,1
DA:90,1
DA:96,1
DA:98,3
DA:99,5
DA:100,1
DA:102,1
LF:36
LH:36
end_of_record
SF:lib\domain\usecases\get_watchlist.dart
DA:8,1
DA:10,1
DA:11,2
LF:3
LH:3
end_of_record
SF:lib\domain\usecases\movie\get_movie_detail.dart
DA:9,1
DA:11,1
DA:12,2
LF:3
LH:3
end_of_record
SF:lib\domain\usecases\movie\get_movie_recommendations.dart
DA:9,1
DA:11,1
DA:12,2
LF:3
LH:3
end_of_record
SF:lib\domain\usecases\movie\get_now_playing_movies.dart
DA:9,1
DA:11,1
DA:12,2
LF:3
LH:3
end_of_record
SF:lib\domain\usecases\movie\get_popular_movies.dart
DA:9,1
DA:11,1
DA:12,2
LF:3
LH:3
end_of_record
SF:lib\domain\usecases\movie\get_top_rated_movies.dart
DA:9,1
DA:11,1
DA:12,2
LF:3
LH:3
end_of_record
SF:lib\domain\usecases\remove_watchlist.dart
DA:8,1
DA:10,1
DA:11,2
LF:3
LH:3
end_of_record
SF:lib\domain\usecases\save_watchlist.dart
DA:11,1
DA:13,1
DA:14,2
LF:3
LH:3
end_of_record
SF:lib\domain\usecases\tv_series\get_detail_tv_series.dart
DA:9,1
DA:11,1
DA:12,2
LF:3
LH:3
end_of_record
SF:lib\domain\usecases\tv_series\get_now_playing_tv_series.dart
DA:9,1
DA:11,1
DA:12,2
LF:3
LH:3
end_of_record
SF:lib\domain\usecases\tv_series\get_popular_tv_series.dart
DA:9,1
DA:11,1
DA:12,2
LF:3
LH:3
end_of_record
SF:lib\domain\usecases\tv_series\get_recommendation_tv_series.dart
DA:9,1
DA:11,1
DA:12,2
LF:3
LH:3
end_of_record
SF:lib\domain\usecases\tv_series\get_tv_series_episode.dart
DA:9,1
DA:11,1
DA:12,2
LF:3
LH:3
end_of_record
SF:lib\domain\usecases\tv_series\get_top_rated_tv_series.dart
DA:9,1
DA:11,1
DA:12,2
LF:3
LH:3
end_of_record
SF:lib\presentation\pages\movie\home_movie_page.dart
DA:22,1
DA:24,1
DA:25,1
DA:29,1
DA:31,1
DA:32,1
DA:33,3
DA:34,1
DA:35,1
DA:36,1
DA:40,1
DA:42,1
DA:43,1
DA:44,1
DA:45,1
DA:53,1
DA:56,0
DA:57,0
DA:60,1
DA:63,0
DA:64,0
DA:70,1
DA:73,0
DA:74,0
DA:77,1
DA:78,0
DA:79,0
DA:87,1
DA:89,1
DA:90,1
DA:91,0
DA:92,0
DA:98,1
DA:100,1
DA:101,1
DA:103,1
DA:105,2
DA:106,1
DA:107,1
DA:111,1
DA:112,1
DA:113,1
DA:119,1
DA:121,0
DA:122,0
DA:124,2
DA:125,1
DA:126,1
DA:130,1
DA:131,1
DA:132,1
DA:138,1
DA:140,0
DA:141,0
DA:143,2
DA:144,1
DA:145,1
DA:149,1
DA:150,1
DA:151,1
DA:164,1
DA:165,1
DA:167,1
DA:168,1
DA:170,1
DA:172,1
DA:174,1
DA:176,1
DA:192,2
DA:194,1
DA:196,1
DA:198,1
DA:199,2
DA:201,0
DA:202,0
DA:203,0
DA:205,0
DA:206,0
DA:207,0
DA:208,0
DA:211,0
DA:214,0
DA:215,0
DA:217,0
DA:218,0
DA:219,0
DA:222,0
LF:87
LH:59
end_of_record
SF:lib\presentation\provider\movie\movie_list_notifier.dart
DA:10,2
DA:13,2
DA:16,2
DA:19,2
DA:22,2
DA:25,2
DA:28,2
DA:30,1
DA:40,1
DA:41,1
DA:42,1
DA:44,3
DA:45,1
DA:46,1
DA:47,1
DA:48,2
DA:49,1
DA:51,1
DA:52,1
DA:53,1
DA:54,1
DA:59,1
DA:60,1
DA:61,1
DA:63,3
DA:64,1
DA:65,1
DA:66,1
DA:67,2
DA:68,1
DA:70,1
DA:71,1
DA:72,1
DA:73,1
DA:78,1
DA:79,1
DA:80,1
DA:82,3
DA:83,1
DA:84,1
DA:85,1
DA:86,2
DA:87,1
DA:89,1
DA:90,1
DA:91,1
DA:92,1
LF:47
LH:47
end_of_record
SF:lib\presentation\pages\movie\popular_movies_page.dart
DA:10,1
DA:12,1
DA:13,1
DA:17,1
DA:19,1
DA:20,2
DA:21,2
DA:22,1
DA:25,1
DA:27,1
DA:28,1
DA:31,1
DA:33,1
DA:34,1
DA:35,2
DA:39,2
DA:40,1
DA:41,0
DA:42,0
DA:44,2
DA:47,1
DA:49,2
LF:22
LH:20
end_of_record
SF:lib\presentation\pages\movie\top_rated_movies_page.dart
DA:10,1
DA:12,1
DA:13,1
DA:17,1
DA:19,1
DA:20,2
DA:21,2
DA:22,1
DA:25,1
DA:27,1
DA:28,1
DA:31,1
DA:33,1
DA:34,1
DA:35,2
DA:39,2
DA:40,1
DA:41,0
DA:42,0
DA:44,2
DA:47,1
DA:49,2
LF:22
LH:20
end_of_record
SF:lib\presentation\pages\watchlist_page.dart
DA:13,1
DA:15,1
DA:16,1
DA:20,1
DA:22,1
DA:23,1
DA:24,1
DA:25,3
DA:30,1
DA:32,1
DA:33,1
DA:36,1
DA:38,1
DA:39,1
DA:40,2
DA:44,2
DA:45,1
DA:46,0
DA:47,0
DA:48,0
DA:49,0
DA:50,0
DA:51,0
DA:52,0
DA:53,0
DA:55,0
DA:56,0
DA:57,0
DA:58,0
DA:65,2
DA:68,1
DA:70,2
LF:32
LH:20
end_of_record
SF:lib\presentation\pages\tv_series\home_tv_series_page.dart
DA:19,1
DA:21,1
DA:22,1
DA:26,1
DA:28,1
DA:29,1
DA:30,3
DA:31,1
DA:32,1
DA:33,1
DA:37,1
DA:39,1
DA:40,1
DA:41,1
DA:42,1
DA:50,1
DA:53,0
DA:54,0
DA:60,1
DA:63,0
DA:64,0
DA:67,1
DA:70,0
DA:71,0
DA:77,1
DA:78,0
DA:79,0
DA:90,1
DA:92,1
DA:93,1
DA:94,0
DA:95,0
DA:101,1
DA:103,1
DA:104,1
DA:106,1
DA:107,1
DA:109,0
DA:114,2
DA:115,1
DA:116,1
DA:120,1
DA:121,2
DA:126,1
DA:128,0
DA:129,0
DA:131,2
DA:132,1
DA:133,1
DA:137,1
DA:138,2
DA:143,1
DA:145,0
DA:148,2
DA:149,1
DA:150,1
DA:154,1
DA:155,2
DA:167,1
DA:168,1
DA:170,1
DA:171,1
DA:173,1
DA:175,1
DA:177,1
DA:179,1
DA:192,2
DA:194,1
DA:196,1
DA:198,1
DA:200,0
DA:201,0
DA:202,0
DA:204,0
DA:205,0
DA:206,0
DA:209,0
DA:212,0
DA:214,0
DA:215,0
DA:216,0
DA:219,0
DA:225,2
LF:83
LH:57
end_of_record
SF:lib\presentation\pages\movie\movie_detail_page.dart
DA:18,1
DA:20,1
DA:21,1
DA:25,1
DA:27,1
DA:28,2
DA:29,2
DA:30,3
DA:31,2
DA:32,3
DA:36,1
DA:38,1
DA:39,1
DA:40,1
DA:41,2
DA:45,2
DA:46,1
DA:47,1
DA:48,1
DA:50,1
DA:51,1
DA:55,0
DA:68,1
DA:73,1
DA:75,1
DA:77,3
DA:78,1
DA:79,1
DA:80,1
DA:81,3
DA:83,1
DA:86,0
DA:88,1
DA:90,1
DA:91,1
DA:92,1
DA:102,1
DA:103,1
DA:104,1
DA:106,1
DA:108,1
DA:110,1
DA:111,1
DA:112,2
DA:113,1
DA:115,1
DA:116,1
DA:117,1
DA:118,2
DA:119,2
DA:120,2
DA:121,2
DA:122,2
DA:124,1
DA:125,2
DA:128,1
DA:129,1
DA:130,2
DA:133,1
DA:136,2
DA:139,3
DA:140,1
DA:141,2
DA:144,1
DA:149,1
DA:151,1
DA:153,1
DA:156,1
DA:159,2
DA:160,2
DA:162,1
DA:164,1
DA:165,1
DA:166,1
DA:171,1
DA:173,1
DA:174,1
DA:181,1
DA:182,3
DA:184,1
DA:185,3
DA:187,1
DA:188,1
DA:189,1
DA:190,3
DA:192,1
DA:198,4
DA:202,1
DA:204,1
DA:206,1
DA:207,2
DA:210,1
DA:212,1
DA:214,1
DA:215,1
DA:216,2
DA:223,2
DA:225,2
DA:227,2
DA:229,1
DA:231,1
DA:234,0
DA:235,0
DA:236,0
DA:238,0
DA:239,0
DA:240,0
DA:243,0
DA:246,0
DA:251,0
DA:252,0
DA:257,2
DA:269,1
DA:271,1
DA:286,1
DA:288,1
DA:291,1
DA:294,1
DA:295,1
DA:304,1
DA:306,2
DA:307,3
DA:310,1
DA:314,3
DA:317,1
DA:318,1
DA:319,1
DA:321,1
DA:322,1
DA:324,0
LF:130
LH:117
end_of_record
SF:lib\presentation\provider\movie\movie_detail_notifier.dart
DA:22,1
DA:31,2
DA:34,2
DA:37,2
DA:40,2
DA:43,2
DA:46,2
DA:48,1
DA:49,1
DA:50,1
DA:51,3
DA:52,3
DA:53,1
DA:54,1
DA:55,1
DA:56,2
DA:57,1
DA:59,1
DA:60,1
DA:61,1
DA:62,1
DA:64,1
DA:65,1
DA:66,1
DA:67,2
DA:69,1
DA:70,1
DA:71,1
DA:74,1
DA:75,1
DA:81,2
DA:83,1
DA:84,3
DA:86,2
DA:87,1
DA:88,2
DA:90,1
DA:91,1
DA:95,3
DA:98,1
DA:99,3
DA:101,2
DA:102,1
DA:103,2
DA:105,1
DA:106,1
DA:110,2
DA:113,1
DA:114,3
DA:115,1
DA:116,1
LF:51
LH:51
end_of_record
SF:lib\presentation\provider\watchlist_notifier.dart
DA:8,2
DA:11,2
DA:14,2
DA:16,1
DA:22,1
DA:23,1
DA:24,1
DA:26,3
DA:27,1
DA:28,1
DA:29,1
DA:30,2
DA:31,1
DA:33,1
DA:34,1
DA:35,2
DA:36,1
DA:37,2
DA:38,1
DA:39,1
DA:40,1
DA:41,1
DA:42,1
DA:46,1
LF:24
LH:24
end_of_record
SF:lib\presentation\provider\movie\popular_movies_notifier.dart
DA:9,1
DA:12,2
DA:15,2
DA:18,2
DA:20,1
DA:21,1
DA:22,1
DA:24,3
DA:26,1
DA:27,1
DA:28,2
DA:29,1
DA:30,1
DA:32,1
DA:33,1
DA:34,1
DA:35,1
LF:17
LH:17
end_of_record
SF:lib\presentation\widgets\movie_card_list.dart
DA:10,0
DA:12,0
DA:14,0
DA:16,0
DA:18,0
DA:19,0
DA:22,0
DA:25,0
DA:27,0
DA:28,0
DA:29,0
DA:35,0
DA:37,0
DA:38,0
DA:39,0
DA:42,0
DA:45,0
DA:46,0
DA:54,0
DA:59,0
DA:60,0
DA:61,0
DA:63,0
DA:66,0
LF:24
LH:0
end_of_record
SF:lib\presentation\provider\movie\top_rated_movies_notifier.dart
DA:9,1
DA:12,2
DA:15,2
DA:18,2
DA:20,1
DA:21,1
DA:22,1
DA:24,3
DA:26,1
DA:27,1
DA:28,2
DA:29,1
DA:30,1
DA:32,1
DA:33,1
DA:34,1
DA:35,1
LF:17
LH:17
end_of_record
SF:lib\presentation\pages\tv_series\popular_tv_series_page.dart
DA:9,1
DA:11,1
DA:12,1
DA:16,1
DA:18,1
DA:19,2
DA:20,2
DA:21,1
DA:24,1
DA:26,1
DA:27,1
DA:30,1
DA:32,1
DA:33,1
DA:34,2
DA:38,2
DA:39,1
DA:40,0
DA:41,0
DA:43,2
DA:46,1
DA:48,2
LF:22
LH:20
end_of_record
SF:lib\presentation\pages\tv_series\top_rated_tv_series_page.dart
DA:10,1
DA:12,1
DA:13,1
DA:17,1
DA:19,1
DA:20,1
DA:21,3
DA:22,1
DA:26,1
DA:28,1
DA:29,1
DA:32,1
DA:34,1
DA:35,1
DA:36,2
DA:40,2
DA:41,1
DA:43,0
DA:44,0
DA:46,2
DA:49,1
DA:51,2
LF:22
LH:20
end_of_record
SF:lib\presentation\pages\tv_series\tv_series_detail_page.dart
DA:19,1
DA:21,1
DA:22,1
DA:27,1
DA:29,1
DA:30,1
DA:31,1
DA:32,2
DA:33,2
DA:34,3
DA:35,2
DA:36,3
DA:42,1
DA:44,1
DA:45,1
DA:46,1
DA:47,1
DA:48,2
DA:52,2
DA:53,1
DA:55,2
DA:56,1
DA:57,1
DA:59,1
DA:64,0
DA:77,1
DA:82,1
DA:84,1
DA:85,1
DA:90,2
DA:91,4
DA:95,1
DA:97,3
DA:98,1
DA:99,1
DA:100,1
DA:101,4
DA:103,1
DA:106,0
DA:108,1
DA:110,1
DA:111,1
DA:112,1
DA:122,1
DA:123,1
DA:124,1
DA:126,1
DA:128,1
DA:130,1
DA:131,1
DA:132,3
DA:133,1
DA:135,1
DA:136,1
DA:137,1
DA:138,3
DA:139,3
DA:140,3
DA:141,3
DA:142,3
DA:144,2
DA:145,2
DA:148,1
DA:149,1
DA:150,2
DA:153,1
DA:156,2
DA:159,4
DA:160,1
DA:161,2
DA:164,1
DA:168,1
DA:170,1
DA:172,1
DA:175,1
DA:178,2
DA:179,2
DA:181,1
DA:183,1
DA:184,1
DA:185,1
DA:190,1
DA:192,1
DA:193,2
DA:200,1
DA:201,4
DA:203,1
DA:204,5
DA:206,1
DA:207,1
DA:208,1
DA:209,4
DA:211,1
DA:217,5
DA:223,1
DA:224,1
DA:229,3
DA:230,4
DA:231,1
DA:233,1
DA:235,1
DA:236,1
DA:237,5
DA:238,1
DA:239,1
DA:240,1
DA:241,3
DA:242,1
DA:246,1
DA:250,1
DA:252,1
DA:254,1
DA:255,3
DA:258,1
DA:260,1
DA:262,1
DA:263,1
DA:264,2
DA:271,2
DA:273,1
DA:274,1
DA:277,2
DA:279,1
DA:281,1
DA:284,0
DA:286,0
DA:287,0
DA:289,0
DA:290,0
DA:291,0
DA:294,0
DA:297,0
DA:302,0
DA:303,0
DA:309,3
DA:313,0
DA:321,1
DA:323,1
DA:338,1
DA:340,1
DA:343,1
DA:346,2
DA:354,1
DA:356,2
DA:357,3
DA:360,1
DA:364,3
DA:367,1
DA:368,1
DA:369,1
DA:371,1
DA:372,0
DA:374,1
LF:153
LH:139
end_of_record
SF:lib\presentation\provider\tv_series\tv_series_list_notifier.dart
DA:10,2
DA:13,2
DA:16,2
DA:19,2
DA:22,2
DA:25,2
DA:28,2
DA:30,1
DA:40,1
DA:41,1
DA:42,1
DA:44,3
DA:45,1
DA:46,1
DA:47,1
DA:48,2
DA:49,1
DA:51,1
DA:52,1
DA:53,1
DA:54,1
DA:59,1
DA:60,1
DA:61,1
DA:63,3
DA:64,1
DA:65,1
DA:66,1
DA:67,2
DA:68,1
DA:70,1
DA:71,1
DA:72,1
DA:73,1
DA:78,1
DA:79,1
DA:80,1
DA:82,3
DA:84,1
DA:85,1
DA:86,2
DA:87,1
DA:88,1
DA:90,1
DA:91,1
DA:92,1
DA:93,1
LF:47
LH:47
end_of_record
SF:lib\presentation\pages\tv_series\now_playing_tv_series_page.dart
DA:9,1
DA:11,1
DA:12,1
DA:16,1
DA:18,1
DA:19,2
DA:20,2
DA:21,1
DA:24,1
DA:26,1
DA:27,1
DA:30,1
DA:32,1
DA:33,1
DA:34,2
DA:38,2
DA:39,1
DA:40,0
DA:41,0
DA:43,2
DA:46,1
DA:48,2
LF:22
LH:20
end_of_record
SF:lib\presentation\widgets\tv_card_list.dart
DA:10,0
DA:12,0
DA:14,0
DA:16,0
DA:17,0
DA:18,0
DA:21,0
DA:24,0
DA:26,0
DA:27,0
DA:28,0
DA:34,0
DA:36,0
DA:37,0
DA:38,0
DA:41,0
DA:44,0
DA:45,0
DA:53,0
DA:58,0
DA:59,0
DA:60,0
DA:62,0
DA:65,0
LF:24
LH:0
end_of_record
SF:lib\presentation\provider\tv_series\tv_series_detail_notifier.dart
DA:15,1
DA:22,2
DA:25,2
DA:28,2
DA:31,2
DA:34,2
DA:37,2
DA:40,2
DA:42,1
DA:43,1
DA:44,1
DA:46,3
DA:47,3
DA:49,1
DA:50,1
DA:51,1
DA:53,2
DA:54,1
DA:56,1
DA:57,1
DA:59,1
DA:60,1
DA:62,1
DA:63,1
DA:64,1
DA:65,2
DA:67,1
DA:68,1
DA:69,1
DA:72,1
DA:73,1
DA:78,1
DA:79,1
DA:80,1
DA:82,3
DA:84,1
DA:85,1
DA:86,1
DA:88,2
DA:89,1
DA:91,1
DA:92,1
DA:94,1
DA:95,1
LF:44
LH:44
end_of_record
SF:lib\presentation\widgets\episode_card_list.dart
DA:11,2
DA:15,1
DA:17,2
DA:18,2
DA:22,2
DA:24,2
DA:25,4
DA:26,4
DA:27,10
DA:30,2
DA:32,2
DA:33,4
DA:36,4
DA:37,0
DA:38,0
DA:39,0
DA:46,0
DA:47,0
DA:50,0
DA:52,0
DA:53,0
DA:54,0
DA:55,0
DA:61,0
DA:62,0
DA:66,0
DA:69,0
DA:76,0
DA:78,0
DA:80,0
DA:81,0
DA:82,0
DA:83,0
DA:86,0
DA:87,0
DA:88,0
DA:96,0
DA:97,0
LF:38
LH:13
end_of_record
