SF:lib\data\models\genre_model.dart
DA:5,2
DA:13,2
DA:14,1
DA:15,1
DA:18,2
DA:19,1
DA:20,1
DA:23,1
DA:24,3
DA:27,1
DA:28,3
LF:11
LH:11
end_of_record
SF:lib\domain\entities\genre.dart
DA:4,7
DA:12,1
DA:13,3
LF:3
LH:3
end_of_record
SF:lib\data\datasources\db\database_helper.dart
DA:9,0
DA:13,0
DA:17,0
DA:18,0
DA:24,0
DA:25,0
DA:26,0
DA:28,0
DA:31,0
DA:32,0
DA:37,0
DA:38,0
DA:46,0
DA:50,0
DA:51,0
DA:52,0
DA:55,0
DA:56,0
DA:57,0
DA:60,0
DA:64,0
DA:65,0
DA:66,0
DA:69,0
DA:72,0
DA:73,0
DA:79,0
DA:80,0
DA:81,0
LF:29
LH:0
end_of_record
SF:lib\utils\exception.dart
DA:6,0
LF:1
LH:0
end_of_record
SF:lib\utils\failure.dart
DA:6,1
DA:8,0
DA:9,0
DA:13,0
DA:17,0
DA:21,1
LF:6
LH:2
end_of_record
SF:lib\utils\encrypt.dart
DA:3,0
DA:4,0
DA:5,0
DA:7,0
DA:9,0
DA:11,0
LF:6
LH:0
end_of_record
SF:lib\styles\text_style.dart
DA:4,0
DA:6,3
DA:8,0
DA:10,0
DA:13,0
LF:5
LH:1
end_of_record
SF:lib\domain\usecases\get_watchlist_status.dart
DA:6,1
DA:8,1
DA:9,2
LF:3
LH:3
end_of_record
SF:lib\domain\usecases\remove_watchlist.dart
DA:8,1
DA:10,1
DA:11,2
LF:3
LH:3
end_of_record
SF:lib\domain\usecases\get_watchlist.dart
DA:8,1
DA:10,1
DA:11,2
LF:3
LH:3
end_of_record
SF:lib\domain\usecases\save_watchlist.dart
DA:9,1
DA:11,1
DA:12,2
LF:3
LH:3
end_of_record
SF:lib\presentation\cubit\watchlist_state.dart
DA:5,4
DA:7,1
DA:8,1
DA:18,2
DA:20,1
DA:21,2
DA:27,2
DA:29,1
DA:30,2
DA:36,2
DA:38,1
DA:39,2
DA:45,3
DA:47,1
DA:48,2
LF:15
LH:15
end_of_record
SF:lib\presentation\cubit\watchlist_cubit.dart
DA:21,1
DA:26,2
DA:28,1
DA:29,3
DA:30,2
DA:33,1
DA:34,2
DA:36,3
DA:38,1
DA:39,1
DA:40,3
DA:42,1
DA:43,2
DA:48,1
DA:49,3
DA:50,2
DA:51,1
DA:52,3
DA:54,1
DA:55,2
DA:59,2
DA:62,1
DA:63,3
DA:64,2
DA:65,1
DA:66,3
DA:68,1
DA:69,2
DA:73,1
LF:29
LH:29
end_of_record
SF:lib\presentation\pages\watchlist_page.dart
DA:12,1
DA:14,1
DA:15,1
DA:19,1
DA:21,1
DA:22,1
DA:23,1
DA:24,3
DA:29,1
DA:31,1
DA:32,1
DA:35,1
DA:37,1
DA:38,1
DA:39,1
DA:40,1
DA:41,4
DA:49,1
DA:53,1
DA:54,1
DA:55,1
DA:56,2
DA:57,1
DA:58,1
DA:59,1
DA:60,1
DA:61,1
DA:62,1
DA:64,2
DA:65,0
DA:67,1
DA:70,2
DA:72,1
DA:73,1
DA:74,4
DA:75,1
DA:77,1
DA:78,1
LF:38
LH:37
end_of_record
