SF:lib\data\datasource\movie_local_data_source.dart
DA:15,1
DA:18,1
DA:20,3
DA:23,2
DA:28,1
DA:30,3
DA:33,2
DA:38,1
DA:39,3
DA:41,1
DA:48,1
DA:49,3
DA:50,4
LF:13
LH:13
end_of_record
SF:lib\data\models\movie_table.dart
DA:12,3
DA:20,2
DA:21,1
DA:22,1
DA:23,1
DA:24,1
DA:25,1
DA:28,2
DA:29,1
DA:30,1
DA:31,1
DA:32,1
DA:33,1
DA:36,2
DA:37,1
DA:38,1
DA:39,1
DA:40,1
DA:41,1
DA:44,2
DA:45,1
DA:46,1
DA:47,1
DA:48,1
DA:49,1
DA:52,2
DA:53,12
LF:27
LH:27
end_of_record
SF:lib\domain\entities\movie.dart
DA:5,10
DA:22,1
DA:45,6
DA:46,6
DA:47,6
DA:48,6
DA:49,6
DA:50,6
DA:51,6
DA:52,6
DA:53,6
DA:54,6
DA:55,6
DA:56,6
DA:57,6
DA:58,6
DA:59,6
DA:60,6
LF:18
LH:18
end_of_record
SF:lib\domain\entities\movie_detail.dart
DA:5,14
DA:35,3
DA:36,3
DA:37,3
DA:38,3
DA:39,3
DA:40,3
DA:41,3
DA:42,3
DA:43,3
DA:44,3
DA:45,3
DA:46,3
DA:47,3
DA:48,3
LF:15
LH:15
end_of_record
SF:lib\data\datasource\movie_remote_data_source.dart
DA:24,1
DA:27,1
DA:29,5
DA:31,2
DA:33,4
DA:34,2
DA:35,1
DA:39,1
DA:44,1
DA:45,5
DA:47,2
DA:48,3
DA:49,1
DA:53,1
DA:58,1
DA:59,2
DA:60,3
DA:62,2
DA:64,4
DA:65,2
DA:66,1
DA:70,1
DA:75,1
DA:77,5
DA:79,2
DA:81,4
DA:82,2
DA:83,1
DA:87,1
DA:92,1
DA:94,5
DA:96,2
DA:98,4
DA:99,2
DA:100,1
DA:104,1
DA:109,1
DA:110,2
DA:111,3
DA:113,2
DA:115,4
DA:116,2
DA:117,1
DA:121,1
LF:44
LH:44
end_of_record
SF:lib\data\models\movie_detail_model.dart
DA:7,3
DA:55,2
DA:56,2
DA:57,2
DA:58,2
DA:59,2
DA:60,2
DA:61,2
DA:62,8
DA:63,2
DA:64,2
DA:65,2
DA:66,2
DA:67,2
DA:68,2
DA:69,4
DA:70,2
DA:71,2
DA:72,2
DA:73,2
DA:74,2
DA:75,2
DA:76,2
DA:77,2
DA:78,4
DA:79,2
DA:82,2
DA:83,1
DA:84,1
DA:85,1
DA:86,1
DA:87,5
DA:88,1
DA:89,1
DA:90,1
DA:91,1
DA:92,1
DA:93,1
DA:94,1
DA:95,1
DA:96,1
DA:97,1
DA:98,1
DA:99,1
DA:100,1
DA:101,1
DA:102,1
DA:103,1
DA:104,1
DA:107,2
DA:108,2
DA:109,2
DA:110,2
DA:111,2
DA:112,10
DA:113,2
DA:114,2
DA:115,2
DA:116,2
DA:117,2
DA:118,2
DA:119,2
DA:120,2
DA:121,2
DA:125,2
DA:126,2
DA:127,2
DA:128,2
DA:129,2
DA:130,2
DA:131,2
DA:132,2
DA:133,2
DA:134,2
DA:135,2
DA:136,2
DA:137,2
DA:138,2
DA:139,2
DA:140,2
DA:141,2
DA:142,2
DA:143,2
DA:144,2
DA:145,2
DA:146,2
DA:147,2
DA:148,2
LF:88
LH:88
end_of_record
SF:lib\data\models\movie_model.dart
DA:6,4
DA:38,6
DA:39,3
DA:40,3
DA:41,3
DA:42,12
DA:43,3
DA:44,3
DA:45,3
DA:46,6
DA:47,3
DA:48,3
DA:49,3
DA:50,3
DA:51,6
DA:52,3
DA:55,4
DA:56,2
DA:57,2
DA:58,2
DA:59,8
DA:60,2
DA:61,2
DA:62,2
DA:63,2
DA:64,2
DA:65,2
DA:66,2
DA:67,2
DA:68,2
DA:69,2
DA:72,2
DA:73,2
DA:74,2
DA:75,2
DA:76,2
DA:77,2
DA:78,2
DA:79,2
DA:80,2
DA:81,2
DA:82,2
DA:83,2
DA:84,2
DA:85,2
DA:86,2
DA:87,2
DA:91,3
DA:92,3
DA:93,3
DA:94,3
DA:95,3
DA:96,3
DA:97,3
DA:98,3
DA:99,3
DA:100,3
DA:101,3
DA:102,3
DA:103,3
DA:104,3
DA:105,3
DA:106,3
LF:63
LH:63
end_of_record
SF:lib\data\models\movie_response.dart
DA:8,2
DA:10,4
DA:11,4
DA:12,6
DA:13,6
DA:16,2
DA:17,5
DA:20,1
DA:21,2
LF:9
LH:9
end_of_record
SF:lib\domain\usecase\get_movie_detail.dart
DA:9,1
DA:11,1
DA:12,2
LF:3
LH:3
end_of_record
SF:lib\data\repositories\movie_repository_impl.dart
DA:17,1
DA:23,1
DA:25,3
DA:26,5
DA:27,1
DA:29,1
DA:35,1
DA:37,3
DA:38,2
DA:39,1
DA:41,1
DA:47,1
DA:49,3
DA:50,3
DA:51,1
DA:53,1
DA:59,1
DA:61,3
DA:62,5
DA:63,1
DA:65,1
DA:71,1
DA:73,3
DA:74,5
DA:75,1
DA:77,1
DA:83,1
DA:85,3
DA:86,5
DA:87,1
DA:89,1
DA:95,1
DA:98,4
DA:99,1
DA:100,1
DA:101,3
DA:106,1
DA:108,3
DA:109,1
DA:110,1
DA:111,3
DA:116,1
DA:117,3
DA:122,1
DA:123,3
DA:124,5
LF:46
LH:46
end_of_record
SF:lib\domain\usecase\get_now_playing_movies.dart
DA:9,1
DA:11,1
DA:12,2
LF:3
LH:3
end_of_record
SF:lib\domain\usecase\get_movie_recommendations.dart
DA:9,1
DA:11,1
DA:12,2
LF:3
LH:3
end_of_record
SF:lib\domain\usecase\get_popular_movies.dart
DA:9,1
DA:11,1
DA:12,2
LF:3
LH:3
end_of_record
SF:lib\domain\usecase\get_top_rated_movies.dart
DA:9,1
DA:11,1
DA:12,2
LF:3
LH:3
end_of_record
SF:lib\presentation\cubit\movie_detail_state.dart
DA:5,4
DA:7,1
DA:8,1
DA:19,3
DA:20,1
DA:21,3
DA:27,3
DA:29,1
DA:30,2
DA:38,2
DA:40,1
DA:41,2
LF:12
LH:12
end_of_record
SF:lib\presentation\cubit\movie_detail_cubit.dart
DA:15,1
DA:18,2
DA:20,1
DA:21,2
DA:23,3
DA:24,3
DA:26,2
DA:27,3
DA:28,1
DA:29,2
DA:30,1
DA:31,1
DA:32,3
DA:34,1
DA:35,2
LF:15
LH:15
end_of_record
SF:lib\presentation\cubit\movie_now_playing_state.dart
DA:5,4
DA:7,1
DA:8,1
DA:18,2
DA:20,1
DA:21,2
DA:27,3
DA:29,1
DA:30,2
LF:9
LH:9
end_of_record
SF:lib\presentation\cubit\movie_now_playing_cubit.dart
DA:12,1
DA:14,2
DA:16,1
DA:17,2
DA:19,3
DA:21,1
DA:22,1
DA:23,3
DA:25,1
DA:26,2
LF:10
LH:10
end_of_record
SF:lib\presentation\cubit\movie_popular_state.dart
DA:5,6
DA:7,1
DA:8,1
DA:18,3
DA:20,1
DA:21,2
DA:27,4
DA:29,1
DA:30,2
LF:9
LH:9
end_of_record
SF:lib\presentation\cubit\movie_popular_cubit.dart
DA:12,1
DA:13,2
DA:15,1
DA:16,2
DA:18,3
DA:20,1
DA:21,1
DA:22,3
DA:24,1
DA:25,2
LF:10
LH:10
end_of_record
SF:lib\presentation\cubit\movie_top_rated_cubit.dart
DA:12,1
DA:14,2
DA:16,1
DA:17,2
DA:19,3
DA:21,1
DA:22,1
DA:23,3
DA:25,1
DA:26,2
LF:10
LH:10
end_of_record
SF:lib\presentation\cubit\movie_top_rated_state.dart
DA:5,6
DA:7,1
DA:8,1
DA:18,3
DA:20,1
DA:21,2
DA:27,4
DA:29,1
DA:30,2
LF:9
LH:9
end_of_record
SF:lib\presentation\pages\home_movie_page.dart
DA:23,1
DA:25,1
DA:26,1
DA:30,1
DA:32,1
DA:33,2
DA:34,3
DA:35,3
DA:36,3
DA:40,1
DA:42,1
DA:43,1
DA:44,1
DA:45,1
DA:53,1
DA:56,0
DA:57,0
DA:60,1
DA:63,0
DA:64,0
DA:70,1
DA:73,0
DA:74,0
DA:77,1
DA:78,0
DA:79,0
DA:87,1
DA:89,1
DA:90,1
DA:92,0
DA:93,0
DA:99,1
DA:101,1
DA:102,1
DA:104,1
DA:105,1
DA:107,1
DA:109,1
DA:110,1
DA:111,1
DA:116,1
DA:117,1
DA:119,1
DA:125,1
DA:127,0
DA:128,0
DA:130,1
DA:131,1
DA:132,1
DA:137,1
DA:138,1
DA:140,1
DA:146,1
DA:148,0
DA:149,0
DA:151,1
DA:152,1
DA:153,1
DA:158,1
DA:159,1
DA:161,1
DA:174,1
DA:175,1
DA:177,1
DA:178,1
DA:180,1
DA:182,1
DA:184,1
DA:186,1
DA:202,2
DA:204,1
DA:206,1
DA:208,1
DA:209,2
DA:211,1
DA:212,2
DA:213,1
DA:215,1
DA:216,0
DA:217,0
DA:220,0
DA:223,1
DA:225,1
DA:226,2
DA:227,2
DA:228,1
DA:231,0
LF:87
LH:69
end_of_record
SF:lib\presentation\pages\popular_movies_page.dart
DA:10,1
DA:12,1
DA:13,1
DA:17,1
DA:19,1
DA:20,1
DA:21,4
DA:25,1
DA:27,1
DA:28,1
DA:31,1
DA:33,1
DA:34,1
DA:35,1
DA:39,1
DA:40,1
DA:41,1
DA:42,3
DA:44,2
DA:46,1
DA:47,1
DA:49,2
LF:22
LH:22
end_of_record
SF:lib\presentation\pages\top_rated_movies_page.dart
DA:10,1
DA:12,1
DA:13,1
DA:17,1
DA:19,1
DA:20,1
DA:21,4
DA:25,1
DA:27,1
DA:28,1
DA:31,1
DA:33,1
DA:34,1
DA:35,1
DA:39,1
DA:40,1
DA:41,1
DA:42,3
DA:44,2
DA:46,1
DA:47,1
DA:49,2
LF:22
LH:22
end_of_record
SF:lib\presentation\pages\movie_detail_page.dart
DA:18,1
DA:20,1
DA:21,1
DA:25,1
DA:27,1
DA:28,2
DA:29,5
DA:30,5
DA:34,1
DA:36,1
DA:37,2
DA:38,1
DA:39,1
DA:40,2
DA:41,2
DA:43,2
DA:44,1
DA:45,2
DA:49,1
DA:51,1
DA:52,1
DA:53,2
DA:60,1
DA:61,1
DA:62,1
DA:63,1
DA:64,1
DA:65,1
DA:69,1
DA:70,1
DA:71,1
DA:72,1
DA:73,1
DA:74,1
DA:77,1
DA:78,1
DA:79,1
DA:97,1
DA:101,1
DA:103,1
DA:105,3
DA:106,1
DA:107,1
DA:108,1
DA:109,3
DA:111,1
DA:114,0
DA:116,1
DA:118,1
DA:119,1
DA:120,1
DA:130,1
DA:131,1
DA:132,1
DA:134,1
DA:136,1
DA:138,1
DA:139,1
DA:140,2
DA:141,1
DA:143,1
DA:144,0
DA:145,0
DA:146,0
DA:147,0
DA:148,0
DA:149,0
DA:150,0
DA:152,0
DA:153,0
DA:154,0
DA:155,0
DA:157,0
DA:158,0
DA:159,0
DA:162,1
DA:164,1
DA:165,1
DA:172,1
DA:173,3
DA:175,1
DA:176,3
DA:178,1
DA:179,1
DA:180,1
DA:181,3
DA:183,1
DA:189,4
DA:193,1
DA:195,1
DA:197,1
DA:198,2
DA:201,1
DA:203,1
DA:205,1
DA:206,1
DA:208,1
DA:213,1
DA:214,0
DA:215,0
DA:218,1
DA:219,1
DA:221,1
DA:224,0
DA:226,0
DA:227,0
DA:229,0
DA:230,0
DA:231,0
DA:234,0
DA:237,0
DA:242,0
DA:243,0
DA:249,2
DA:261,1
DA:263,1
DA:278,1
DA:280,1
DA:283,1
DA:286,0
DA:287,0
DA:288,0
DA:297,1
DA:299,2
DA:300,3
DA:303,1
DA:307,3
DA:310,1
DA:311,1
DA:312,1
DA:314,1
DA:315,1
DA:317,0
LF:133
LH:102
end_of_record
SF:lib\presentation\widget\movie_card_list.dart
DA:10,4
DA:12,2
DA:14,2
DA:15,2
DA:17,2
DA:18,0
DA:19,0
DA:22,0
DA:25,2
DA:27,2
DA:28,2
DA:29,2
DA:35,2
DA:37,2
DA:38,2
DA:39,4
DA:42,2
DA:45,2
DA:46,4
DA:54,2
DA:59,2
DA:60,2
DA:61,6
DA:63,2
DA:66,0
LF:25
LH:21
end_of_record
