SF:lib\domain\usecases\movie\search_movies.dart
DA:9,1
DA:11,1
DA:12,2
LF:3
LH:3
end_of_record
SF:lib\presentation\cubit\movie\search_movies_state.dart
DA:5,4
DA:7,1
DA:8,1
DA:18,2
DA:20,1
DA:21,2
DA:27,3
DA:29,1
DA:30,2
LF:9
LH:9
end_of_record
SF:lib\presentation\cubit\movie\search_movies_cubit.dart
DA:12,1
DA:13,2
DA:15,1
DA:16,2
DA:18,3
DA:19,1
DA:20,4
DA:21,1
DA:22,1
DA:23,2
DA:25,2
LF:11
LH:11
end_of_record
SF:lib\domain\usecases\tv_series\search_tv_series.dart
DA:9,1
DA:11,1
DA:12,2
LF:3
LH:3
end_of_record
SF:lib\presentation\cubit\tv_series\search_tv_series_state.dart
DA:5,4
DA:7,1
DA:8,1
DA:18,2
DA:20,1
DA:21,2
DA:27,3
DA:29,1
DA:30,2
LF:9
LH:9
end_of_record
SF:lib\presentation\cubit\tv_series\search_tv_series_cubit.dart
DA:12,1
DA:14,2
DA:16,1
DA:17,2
DA:19,3
DA:21,1
DA:22,2
DA:23,2
DA:25,1
DA:26,1
DA:27,2
DA:29,2
LF:12
LH:12
end_of_record
SF:lib\presentation\pages\movie\search_movie_page.dart
DA:11,1
DA:13,1
DA:15,1
DA:16,1
DA:19,1
DA:21,1
DA:23,1
DA:24,1
DA:26,1
DA:27,2
DA:37,1
DA:39,1
DA:41,1
DA:42,1
DA:43,1
DA:44,1
DA:45,4
DA:53,1
DA:57,1
DA:58,1
DA:59,1
DA:61,0
DA:62,0
DA:63,0
DA:66,2
DA:69,1
DA:70,1
DA:71,4
DA:72,1
DA:74,2
LF:30
LH:27
end_of_record
SF:lib\presentation\pages\tv_series\search_tv_series_page.dart
DA:11,1
DA:13,1
DA:15,1
DA:16,1
DA:19,1
DA:21,1
DA:23,1
DA:24,1
DA:26,1
DA:27,2
DA:37,1
DA:39,1
DA:41,1
DA:42,1
DA:43,1
DA:44,1
DA:45,4
DA:53,1
DA:57,1
DA:58,1
DA:59,1
DA:61,0
DA:62,0
DA:63,0
DA:66,2
DA:69,1
DA:70,1
DA:71,4
LF:28
LH:25
end_of_record
