SF:lib\domain\usecases\movie\search_movies.dart
DA:9,1
DA:11,1
DA:12,2
LF:3
LH:3
end_of_record
SF:lib\domain\usecases\tv_series\search_tv_series.dart
DA:9,1
DA:11,1
DA:12,2
LF:3
LH:3
end_of_record
SF:lib\presentation\bloc\movies\search_movies_state.dart
DA:5,4
DA:7,1
DA:8,1
DA:18,2
DA:20,1
DA:21,2
DA:27,3
DA:29,1
DA:30,2
LF:9
LH:9
end_of_record
SF:lib\presentation\bloc\movies\search_movies_event.dart
DA:5,3
DA:7,0
DA:8,0
DA:14,3
DA:16,1
DA:17,2
LF:6
LH:4
end_of_record
SF:lib\presentation\bloc\movies\search_movies_bloc.dart
DA:14,1
DA:15,2
DA:16,2
DA:17,1
DA:19,2
DA:21,3
DA:23,1
DA:24,1
DA:25,3
DA:27,1
DA:28,2
DA:31,1
DA:34,1
DA:36,3
LF:14
LH:14
end_of_record
SF:lib\presentation\bloc\tv_series\search_tv_series_event.dart
DA:5,3
DA:7,0
DA:8,0
DA:14,3
DA:16,1
DA:17,2
LF:6
LH:4
end_of_record
SF:lib\presentation\bloc\tv_series\search_tv_series_state.dart
DA:5,4
DA:7,1
DA:8,1
DA:18,2
DA:20,1
DA:21,2
DA:27,3
DA:29,1
DA:30,2
LF:9
LH:9
end_of_record
SF:lib\presentation\bloc\tv_series\search_tv_series_bloc.dart
DA:15,1
DA:16,2
DA:17,2
DA:18,1
DA:20,2
DA:22,3
DA:24,1
DA:25,1
DA:26,3
DA:28,1
DA:29,2
DA:32,1
DA:35,1
DA:37,3
LF:14
LH:14
end_of_record
SF:lib\presentation\pages\movies\search_movie_page.dart
DA:12,1
DA:14,1
DA:16,1
DA:17,1
DA:20,1
DA:22,1
DA:24,1
DA:25,1
DA:27,1
DA:28,3
DA:38,1
DA:40,1
DA:42,1
DA:43,1
DA:44,1
DA:48,1
DA:49,1
DA:50,1
DA:52,0
DA:53,0
DA:54,0
DA:57,2
DA:60,1
DA:61,1
DA:62,4
DA:63,1
DA:65,2
LF:27
LH:24
end_of_record
SF:lib\presentation\pages\tv_series\search_tv_series_page.dart
DA:11,1
DA:13,1
DA:15,1
DA:16,1
DA:19,1
DA:21,1
DA:23,1
DA:24,1
DA:26,1
DA:27,3
DA:37,1
DA:39,1
DA:41,1
DA:42,1
DA:43,1
DA:47,1
DA:48,1
DA:49,1
DA:51,0
DA:52,0
DA:53,0
DA:56,2
DA:59,1
DA:60,1
DA:61,4
LF:25
LH:22
end_of_record
