SF:lib\data\models\episode_model.dart
DA:5,7
DA:27,6
DA:28,3
DA:29,3
DA:30,3
DA:31,3
DA:32,3
DA:33,3
DA:34,3
DA:35,3
DA:36,3
DA:39,4
DA:40,2
DA:41,2
DA:42,2
DA:43,2
DA:44,2
DA:45,2
DA:46,2
DA:47,2
DA:48,2
DA:51,4
DA:52,2
DA:53,2
DA:54,2
DA:55,2
DA:56,2
DA:57,2
DA:58,2
DA:59,2
DA:60,2
DA:63,3
DA:64,3
DA:65,3
DA:66,3
DA:67,3
DA:68,3
DA:69,3
DA:70,3
DA:71,3
DA:72,3
DA:73,3
LF:42
LH:42
end_of_record
SF:lib\domain\entities\episode.dart
DA:4,17
DA:26,3
DA:27,3
DA:28,3
DA:29,3
DA:30,3
DA:31,3
DA:32,3
DA:33,3
DA:34,3
DA:35,3
DA:36,3
LF:12
LH:12
end_of_record
SF:lib\data\datasource\tv_series_remote_data_source.dart
DA:26,1
DA:29,1
DA:30,5
DA:32,2
DA:34,4
DA:35,2
DA:36,1
DA:40,1
DA:45,1
DA:47,5
DA:49,2
DA:51,4
DA:52,2
DA:53,1
DA:57,1
DA:62,1
DA:64,5
DA:66,2
DA:68,4
DA:69,2
DA:70,1
DA:74,1
DA:79,1
DA:80,5
DA:82,2
DA:83,3
DA:84,1
DA:87,1
DA:92,1
DA:94,5
DA:96,2
DA:98,4
DA:99,2
DA:100,1
DA:104,1
DA:109,1
DA:111,5
DA:112,2
DA:114,4
DA:115,2
DA:116,1
DA:120,1
DA:125,1
DA:127,5
DA:128,2
DA:129,4
DA:131,1
LF:47
LH:47
end_of_record
SF:lib\data\models\epidose_response.dart
DA:7,3
DA:9,2
DA:10,2
DA:11,2
DA:12,8
DA:15,2
DA:16,5
DA:19,1
DA:20,2
LF:9
LH:9
end_of_record
SF:lib\data\models\tv_series_detail_model.dart
DA:10,3
DA:64,2
DA:65,2
DA:66,2
DA:67,2
DA:68,8
DA:69,2
DA:70,2
DA:71,10
DA:72,2
DA:73,2
DA:74,2
DA:75,8
DA:76,2
DA:77,4
DA:78,2
DA:79,2
DA:80,2
DA:82,10
DA:83,2
DA:84,2
DA:85,2
DA:86,4
DA:87,2
DA:88,2
DA:89,10
DA:90,2
DA:91,2
DA:92,4
DA:93,2
DA:96,2
DA:97,1
DA:98,1
DA:100,5
DA:101,1
DA:102,6
DA:103,1
DA:104,1
DA:105,1
DA:106,5
DA:107,1
DA:108,2
DA:109,1
DA:110,1
DA:111,1
DA:113,5
DA:114,1
DA:115,1
DA:116,1
DA:117,1
DA:118,1
DA:119,6
DA:120,1
DA:121,1
DA:122,1
DA:123,1
DA:126,4
DA:127,2
DA:128,2
DA:129,8
DA:130,2
DA:131,10
DA:132,2
DA:133,8
DA:134,2
DA:135,2
DA:136,2
DA:137,2
DA:138,8
DA:139,2
DA:140,2
DA:141,2
DA:142,2
DA:143,2
DA:144,10
DA:145,2
DA:146,2
DA:147,2
DA:148,2
DA:151,2
DA:152,2
DA:153,2
DA:154,2
DA:155,2
DA:156,2
DA:157,2
DA:158,2
DA:159,2
DA:160,2
DA:161,2
DA:162,2
DA:163,2
DA:164,2
DA:165,2
DA:166,2
DA:167,2
DA:168,2
DA:169,2
DA:170,2
DA:171,2
DA:172,2
DA:173,2
DA:174,2
DA:175,2
DA:176,2
DA:177,2
LF:106
LH:106
end_of_record
SF:lib\data\models\tv_series_model.dart
DA:6,4
DA:38,6
DA:39,3
DA:40,3
DA:41,3
DA:42,3
DA:43,15
DA:44,3
DA:46,15
DA:47,3
DA:48,3
DA:49,3
DA:50,6
DA:51,3
DA:52,6
DA:53,3
DA:56,4
DA:57,2
DA:58,2
DA:59,2
DA:60,2
DA:61,10
DA:62,2
DA:64,10
DA:65,2
DA:66,2
DA:67,2
DA:68,2
DA:69,2
DA:70,2
DA:71,2
DA:74,4
DA:75,2
DA:76,2
DA:77,2
DA:78,2
DA:79,2
DA:80,2
DA:81,8
DA:82,2
DA:83,2
DA:84,2
DA:85,2
DA:86,2
DA:87,2
DA:88,2
DA:91,3
DA:92,3
DA:93,3
DA:94,3
DA:95,3
DA:96,3
DA:97,3
DA:98,3
DA:99,3
DA:100,3
DA:101,3
DA:102,3
DA:103,3
DA:104,3
DA:105,3
DA:106,3
LF:62
LH:62
end_of_record
SF:lib\data\models\tv_series_response.dart
DA:7,2
DA:9,2
DA:10,2
DA:11,4
DA:12,6
DA:13,6
DA:16,2
DA:17,5
DA:20,1
DA:21,2
LF:10
LH:10
end_of_record
SF:lib\data\models\season_model.dart
DA:5,4
DA:23,4
DA:24,2
DA:25,2
DA:26,2
DA:27,2
DA:28,2
DA:29,2
DA:30,2
DA:33,2
DA:34,1
DA:35,1
DA:36,1
DA:37,1
DA:38,1
DA:39,1
DA:40,1
DA:43,4
DA:44,2
DA:45,2
DA:46,2
DA:47,2
DA:48,2
DA:49,2
DA:50,2
DA:53,2
DA:54,2
DA:55,2
DA:56,2
DA:57,2
DA:58,2
DA:59,2
DA:60,2
DA:61,2
LF:34
LH:34
end_of_record
SF:lib\domain\entities\season.dart
DA:4,17
DA:22,3
DA:23,3
DA:24,3
DA:25,3
DA:26,3
DA:27,3
DA:28,3
DA:29,3
DA:30,3
LF:10
LH:10
end_of_record
SF:lib\domain\entities\tv_series_detail.dart
DA:6,17
DA:54,3
DA:55,3
DA:56,3
DA:57,3
DA:58,3
DA:59,3
DA:60,3
DA:61,3
DA:62,3
DA:63,3
DA:64,3
DA:65,3
DA:66,3
DA:67,3
DA:68,3
DA:69,3
DA:70,3
DA:71,3
DA:72,3
DA:73,3
DA:74,3
DA:75,3
DA:76,3
DA:77,3
LF:25
LH:25
end_of_record
SF:lib\domain\entities\tv_series.dart
DA:5,10
DA:22,0
DA:45,6
DA:46,6
DA:47,6
DA:48,6
DA:49,6
DA:50,6
DA:51,6
DA:52,6
DA:53,6
DA:54,6
DA:55,6
DA:56,6
DA:57,6
DA:58,6
DA:59,6
DA:60,6
LF:18
LH:17
end_of_record
SF:lib\data\models\tv_series_table.dart
DA:13,1
DA:21,0
DA:22,0
DA:23,0
DA:24,0
DA:25,0
DA:26,0
DA:29,0
DA:30,0
DA:31,0
DA:32,0
DA:33,0
DA:34,0
DA:37,2
DA:38,1
DA:39,1
DA:40,1
DA:41,1
DA:42,1
DA:45,0
DA:46,0
DA:47,0
DA:48,0
DA:49,0
DA:50,0
DA:53,0
DA:54,0
DA:55,0
DA:56,0
DA:57,0
DA:58,0
DA:59,0
LF:32
LH:7
end_of_record
SF:lib\domain\usecase\get_detail_tv_series.dart
DA:9,1
DA:11,1
DA:12,2
LF:3
LH:3
end_of_record
SF:lib\data\repositories\tv_series_repository_impl.dart
DA:15,1
DA:20,1
DA:22,3
DA:23,5
DA:24,1
DA:26,1
DA:32,1
DA:34,3
DA:35,5
DA:36,1
DA:38,1
DA:44,1
DA:46,3
DA:47,5
DA:48,1
DA:50,1
DA:56,1
DA:58,3
DA:59,2
DA:60,1
DA:62,1
DA:68,1
DA:71,3
DA:72,5
DA:73,1
DA:75,1
DA:81,1
DA:85,3
DA:86,5
DA:87,1
DA:89,1
DA:95,1
DA:97,3
DA:98,5
DA:99,1
DA:101,1
LF:36
LH:36
end_of_record
SF:lib\domain\usecase\get_now_playing_tv_series.dart
DA:9,1
DA:11,1
DA:12,2
LF:3
LH:3
end_of_record
SF:lib\domain\usecase\get_popular_tv_series.dart
DA:9,1
DA:11,1
DA:12,2
LF:3
LH:3
end_of_record
SF:lib\domain\usecase\get_recommendation_tv_series.dart
DA:9,1
DA:11,1
DA:12,2
LF:3
LH:3
end_of_record
SF:lib\domain\usecase\get_tv_series_episode.dart
DA:9,1
DA:11,1
DA:12,2
LF:3
LH:3
end_of_record
SF:lib\domain\usecase\get_top_rated_tv_series.dart
DA:9,1
DA:11,1
DA:12,2
LF:3
LH:3
end_of_record
SF:lib\presentation\cubit\episode_cubit.dart
DA:12,3
DA:14,1
DA:15,2
DA:17,3
DA:18,1
DA:19,1
DA:20,3
DA:22,1
DA:23,1
DA:24,2
DA:26,1
DA:27,2
LF:12
LH:12
end_of_record
SF:lib\presentation\cubit\episode_state.dart
DA:5,4
DA:7,1
DA:8,1
DA:18,3
DA:20,1
DA:21,2
DA:27,2
DA:29,1
DA:30,2
LF:9
LH:9
end_of_record
SF:lib\presentation\cubit\tv_series_detail_state.dart
DA:5,4
DA:7,1
DA:8,1
DA:19,2
DA:24,1
DA:25,1
DA:26,1
DA:27,1
DA:34,3
DA:36,1
DA:37,2
DA:45,2
DA:47,1
DA:48,2
LF:14
LH:14
end_of_record
SF:lib\presentation\cubit\tv_series_detail_cubit.dart
DA:15,1
DA:18,2
DA:20,1
DA:21,2
DA:23,3
DA:24,3
DA:26,1
DA:27,1
DA:28,3
DA:30,1
DA:31,2
DA:33,1
DA:34,1
DA:35,3
DA:37,1
DA:38,2
LF:16
LH:16
end_of_record
SF:lib\presentation\cubit\tv_series_now_playing_state.dart
DA:5,6
DA:7,1
DA:8,1
DA:18,3
DA:20,1
DA:21,2
DA:27,4
DA:29,1
DA:30,2
LF:9
LH:9
end_of_record
SF:lib\presentation\cubit\tv_series_now_playing_cubit.dart
DA:12,1
DA:14,2
DA:16,1
DA:17,2
DA:19,3
DA:21,1
DA:22,1
DA:23,3
DA:25,1
DA:26,2
LF:10
LH:10
end_of_record
SF:lib\presentation\cubit\tv_series_popular_cubit.dart
DA:12,1
DA:13,2
DA:15,1
DA:16,2
DA:18,3
DA:20,1
DA:21,4
DA:22,3
LF:8
LH:8
end_of_record
SF:lib\presentation\cubit\tv_series_popular_state.dart
DA:5,6
DA:7,1
DA:8,1
DA:18,3
DA:20,1
DA:21,2
DA:27,4
DA:29,1
DA:30,2
LF:9
LH:9
end_of_record
SF:lib\presentation\cubit\tv_series_top_rated_state.dart
DA:5,6
DA:7,1
DA:8,1
DA:18,3
DA:20,1
DA:21,2
DA:27,4
DA:29,1
DA:30,2
LF:9
LH:9
end_of_record
SF:lib\presentation\cubit\tv_series_top_rated_cubit.dart
DA:12,1
DA:13,2
DA:15,1
DA:16,2
DA:18,3
DA:20,1
DA:21,4
DA:22,3
LF:8
LH:8
end_of_record
SF:lib\presentation\pages\home_tv_series_page.dart
DA:22,1
DA:24,1
DA:25,1
DA:29,1
DA:31,1
DA:32,2
DA:33,3
DA:34,3
DA:35,3
DA:39,1
DA:41,1
DA:42,1
DA:43,1
DA:44,1
DA:52,1
DA:55,0
DA:56,0
DA:62,1
DA:65,0
DA:66,0
DA:69,1
DA:72,0
DA:73,0
DA:79,1
DA:80,0
DA:81,0
DA:92,1
DA:94,1
DA:95,1
DA:97,0
DA:98,0
DA:104,1
DA:106,1
DA:107,1
DA:109,1
DA:110,1
DA:112,0
DA:117,1
DA:118,1
DA:119,1
DA:124,1
DA:125,1
DA:127,1
DA:133,1
DA:135,0
DA:136,0
DA:138,1
DA:139,1
DA:140,1
DA:145,1
DA:146,1
DA:148,1
DA:154,1
DA:156,0
DA:159,1
DA:160,1
DA:161,1
DA:166,1
DA:167,1
DA:169,1
DA:182,1
DA:183,1
DA:185,1
DA:186,1
DA:188,1
DA:190,1
DA:192,1
DA:194,1
DA:207,2
DA:209,1
DA:211,1
DA:213,1
DA:215,1
DA:216,2
DA:217,1
DA:219,1
DA:220,0
DA:221,0
DA:224,0
DA:227,1
DA:229,1
DA:230,2
DA:231,1
DA:234,0
DA:240,2
LF:85
LH:67
end_of_record
SF:lib\presentation\pages\popular_tv_series_page.dart
DA:9,1
DA:11,1
DA:12,1
DA:16,1
DA:18,1
DA:19,1
DA:20,4
DA:24,1
DA:26,1
DA:27,1
DA:30,1
DA:32,1
DA:33,1
DA:34,1
DA:38,1
DA:39,1
DA:40,1
DA:41,1
DA:42,2
DA:45,2
DA:47,1
DA:48,1
DA:50,2
LF:23
LH:23
end_of_record
SF:lib\presentation\pages\top_rated_tv_series_page.dart
DA:9,1
DA:11,1
DA:12,1
DA:16,1
DA:18,1
DA:19,1
DA:20,4
DA:23,1
DA:25,1
DA:26,1
DA:29,1
DA:31,1
DA:32,1
DA:33,1
DA:37,1
DA:38,1
DA:39,1
DA:40,1
DA:41,2
DA:44,2
DA:46,1
DA:47,1
DA:49,2
LF:23
LH:23
end_of_record
SF:lib\presentation\pages\tv_series_detail_page.dart
DA:18,1
DA:20,1
DA:21,1
DA:26,1
DA:28,1
DA:29,1
DA:30,1
DA:31,2
DA:32,5
DA:33,5
DA:39,1
DA:41,1
DA:42,2
DA:43,1
DA:44,1
DA:45,2
DA:46,2
DA:48,2
DA:49,1
DA:50,2
DA:54,1
DA:56,1
DA:57,1
DA:58,2
DA:65,1
DA:66,1
DA:67,1
DA:68,1
DA:69,1
DA:70,1
DA:71,1
DA:75,1
DA:76,1
DA:77,1
DA:78,1
DA:79,1
DA:80,1
DA:83,1
DA:84,2
DA:101,1
DA:105,1
DA:107,1
DA:108,1
DA:113,2
DA:114,4
DA:118,1
DA:120,3
DA:121,1
DA:122,1
DA:123,1
DA:124,4
DA:126,1
DA:129,0
DA:131,1
DA:133,1
DA:134,1
DA:135,1
DA:145,1
DA:146,1
DA:147,1
DA:149,1
DA:151,1
DA:153,1
DA:154,1
DA:155,3
DA:156,1
DA:158,1
DA:159,0
DA:160,0
DA:161,0
DA:162,0
DA:163,0
DA:164,0
DA:165,0
DA:167,0
DA:168,0
DA:169,0
DA:170,0
DA:172,0
DA:173,0
DA:174,0
DA:177,1
DA:179,1
DA:180,2
DA:187,1
DA:188,4
DA:190,1
DA:191,5
DA:193,1
DA:194,1
DA:195,1
DA:196,4
DA:198,1
DA:204,5
DA:210,1
DA:211,1
DA:216,3
DA:217,4
DA:218,1
DA:220,1
DA:222,1
DA:223,1
DA:224,4
DA:225,1
DA:226,1
DA:227,3
DA:228,1
DA:231,1
DA:235,1
DA:237,1
DA:239,1
DA:240,3
DA:243,1
DA:245,1
DA:247,1
DA:249,1
DA:251,1
DA:258,1
DA:259,0
DA:260,0
DA:264,1
DA:265,1
DA:267,1
DA:270,0
DA:272,0
DA:273,0
DA:275,0
DA:276,0
DA:277,0
DA:280,0
DA:283,0
DA:288,0
DA:289,0
DA:296,2
DA:308,1
DA:310,1
DA:325,1
DA:327,1
DA:330,1
DA:333,0
DA:334,0
DA:335,0
DA:344,1
DA:346,2
DA:347,3
DA:350,1
DA:354,3
DA:357,1
DA:358,1
DA:359,1
DA:361,1
DA:362,0
DA:364,1
LF:153
LH:122
end_of_record
SF:lib\presentation\pages\now_playing_tv_series_page.dart
DA:9,1
DA:11,1
DA:12,1
DA:16,1
DA:18,1
DA:19,1
DA:20,4
DA:24,1
DA:26,1
DA:27,1
DA:30,1
DA:32,1
DA:33,1
DA:34,1
DA:38,1
DA:39,1
DA:40,1
DA:41,1
DA:42,2
DA:45,2
DA:47,1
DA:48,1
DA:50,2
LF:23
LH:23
end_of_record
SF:lib\presentation\widget\tv_card_list.dart
DA:10,6
DA:12,3
DA:14,3
DA:16,3
DA:17,0
DA:18,0
DA:21,0
DA:24,3
DA:26,3
DA:27,3
DA:28,3
DA:34,3
DA:36,3
DA:37,3
DA:38,6
DA:41,3
DA:44,3
DA:45,6
DA:53,3
DA:58,3
DA:59,3
DA:60,9
DA:62,3
DA:65,0
LF:24
LH:20
end_of_record
SF:lib\presentation\widget\episode_card_list.dart
DA:12,2
DA:16,1
DA:18,2
DA:19,2
DA:23,2
DA:25,2
DA:26,2
DA:27,2
DA:28,14
DA:32,2
DA:34,2
DA:35,2
DA:36,2
DA:40,2
DA:41,2
DA:44,4
DA:45,2
DA:46,4
DA:47,2
DA:54,2
DA:55,2
DA:58,2
DA:60,2
DA:61,2
DA:62,2
DA:63,4
DA:69,2
DA:70,4
DA:74,2
DA:77,0
DA:84,2
DA:86,2
DA:88,2
DA:89,2
DA:90,4
DA:91,2
DA:94,2
DA:95,2
DA:96,4
DA:104,2
DA:105,2
DA:116,1
LF:42
LH:41
end_of_record
