SF:lib\common\exception.dart
DA:6,4
LF:1
LH:1
end_of_record
SF:lib\data\datasources\movie\movie_local_data_source.dart
DA:15,1
DA:18,1
DA:20,3
DA:23,2
DA:28,1
DA:30,3
DA:33,2
DA:38,1
DA:39,3
DA:41,1
DA:48,1
DA:49,3
DA:50,4
LF:13
LH:13
end_of_record
SF:lib\data\models\movie\movie_table.dart
DA:11,3
DA:18,2
DA:19,1
DA:20,1
DA:21,1
DA:22,1
DA:25,2
DA:26,1
DA:27,1
DA:28,1
DA:29,1
DA:32,2
DA:33,1
DA:34,1
DA:35,1
DA:36,1
DA:39,2
DA:40,1
DA:41,1
DA:42,1
DA:43,1
DA:46,2
DA:47,10
LF:23
LH:23
end_of_record
SF:lib\domain\entities\movie\genre.dart
DA:4,16
DA:12,6
DA:13,18
LF:3
LH:3
end_of_record
SF:lib\domain\entities\movie\movie.dart
DA:5,8
DA:21,2
DA:42,2
DA:43,2
DA:44,2
DA:45,2
DA:46,2
DA:47,2
DA:48,2
DA:49,2
DA:50,2
DA:51,2
DA:52,2
DA:53,2
DA:54,2
DA:55,2
DA:56,2
LF:17
LH:17
end_of_record
SF:lib\domain\entities\movie\movie_detail.dart
DA:5,7
DA:33,2
DA:34,2
DA:35,2
DA:36,2
DA:37,2
DA:38,2
DA:39,2
DA:40,2
DA:41,2
DA:42,2
DA:43,2
DA:44,2
DA:45,2
LF:14
LH:14
end_of_record
SF:lib\common\failure.dart
DA:6,12
DA:8,2
DA:9,4
DA:13,22
DA:17,4
DA:21,10
LF:6
LH:6
end_of_record
SF:lib\data\datasources\db\database_helper.dart
DA:9,0
DA:13,0
DA:17,0
DA:19,0
DA:27,0
DA:28,0
DA:29,0
DA:31,0
DA:35,0
DA:36,0
DA:43,0
DA:45,0
DA:52,0
DA:56,0
DA:57,0
DA:58,0
DA:61,0
DA:62,0
DA:63,0
DA:66,0
DA:70,0
DA:71,0
DA:72,0
DA:75,0
DA:78,0
DA:79,0
DA:85,0
DA:86,0
DA:88,0
DA:94,0
DA:95,0
DA:96,0
DA:99,0
DA:100,0
DA:101,0
DA:104,0
DA:108,0
DA:109,0
DA:111,0
DA:113,0
DA:114,0
DA:120,0
DA:121,0
DA:122,0
LF:44
LH:0
end_of_record
SF:lib\data\datasources\movie\movie_remote_data_source.dart
DA:24,1
DA:27,1
DA:29,5
DA:31,2
DA:32,4
DA:34,1
DA:39,1
DA:41,5
DA:43,2
DA:44,3
DA:46,1
DA:51,1
DA:52,2
DA:53,3
DA:55,2
DA:56,4
DA:58,1
DA:63,1
DA:65,5
DA:67,2
DA:68,4
DA:70,1
DA:75,1
DA:77,5
DA:79,2
DA:80,4
DA:82,1
DA:87,1
DA:88,2
DA:89,3
DA:91,2
DA:92,4
DA:94,1
LF:33
LH:33
end_of_record
SF:lib\data\datasources\tv_series\tv_series_local_data_source.dart
DA:15,1
DA:18,1
DA:20,3
DA:23,2
DA:28,1
DA:30,3
DA:33,2
DA:38,1
DA:39,3
DA:42,1
DA:49,1
DA:51,3
DA:52,4
DA:54,2
LF:14
LH:14
end_of_record
SF:lib\data\datasources\tv_series\tv_series_remote_data_source.dart
DA:27,1
DA:30,1
DA:32,5
DA:34,2
DA:35,4
DA:37,1
DA:42,1
DA:44,5
DA:46,2
DA:47,4
DA:49,1
DA:54,1
DA:56,5
DA:58,2
DA:59,4
DA:61,1
DA:66,1
DA:67,5
DA:69,2
DA:70,3
DA:72,1
DA:77,1
DA:78,2
DA:79,3
DA:81,2
DA:82,4
DA:84,1
DA:89,1
DA:90,2
DA:91,3
DA:92,2
DA:93,4
DA:95,1
DA:100,1
DA:102,5
DA:103,2
DA:104,4
DA:106,1
LF:38
LH:38
end_of_record
SF:lib\data\models\movie\movie_detail_model.dart
DA:6,3
DA:52,2
DA:53,2
DA:54,2
DA:55,2
DA:56,2
DA:57,2
DA:58,8
DA:59,2
DA:60,2
DA:61,2
DA:62,2
DA:63,2
DA:64,2
DA:65,4
DA:66,2
DA:67,2
DA:68,2
DA:69,2
DA:70,2
DA:71,2
DA:72,2
DA:73,2
DA:74,4
DA:75,2
DA:78,2
DA:79,1
DA:80,1
DA:81,1
DA:82,5
DA:83,1
DA:84,1
DA:85,1
DA:86,1
DA:87,1
DA:88,1
DA:89,1
DA:90,1
DA:91,1
DA:92,1
DA:93,1
DA:94,1
DA:95,1
DA:96,1
DA:97,1
DA:98,1
DA:99,1
DA:102,2
DA:103,2
DA:104,2
DA:105,2
DA:106,10
DA:107,2
DA:108,2
DA:109,2
DA:110,2
DA:111,2
DA:112,2
DA:113,2
DA:114,2
DA:115,2
DA:119,2
DA:120,2
DA:121,2
DA:122,2
DA:123,2
DA:124,2
DA:125,2
DA:126,2
DA:127,2
DA:128,2
DA:129,2
DA:130,2
DA:131,2
DA:132,2
DA:133,2
DA:134,2
DA:135,2
DA:136,2
DA:137,2
DA:138,2
DA:139,2
DA:140,2
DA:141,2
LF:84
LH:84
end_of_record
SF:lib\data\models\movie\movie_model.dart
DA:5,4
DA:35,6
DA:36,3
DA:37,3
DA:38,12
DA:39,3
DA:40,3
DA:41,3
DA:42,6
DA:43,3
DA:44,3
DA:45,3
DA:46,3
DA:47,6
DA:48,3
DA:51,4
DA:52,2
DA:53,2
DA:54,8
DA:55,2
DA:56,2
DA:57,2
DA:58,2
DA:59,2
DA:60,2
DA:61,2
DA:62,2
DA:63,2
DA:64,2
DA:67,2
DA:68,2
DA:69,2
DA:70,2
DA:71,2
DA:72,2
DA:73,2
DA:74,2
DA:75,2
DA:76,2
DA:77,2
DA:78,2
DA:79,2
DA:80,2
DA:81,2
DA:85,3
DA:86,3
DA:87,3
DA:88,3
DA:89,3
DA:90,3
DA:91,3
DA:92,3
DA:93,3
DA:94,3
DA:95,3
DA:96,3
DA:97,3
DA:98,3
DA:99,3
LF:59
LH:59
end_of_record
SF:lib\data\models\tv_series\episode_model.dart
DA:5,5
DA:27,6
DA:28,3
DA:29,3
DA:30,3
DA:31,3
DA:32,3
DA:33,3
DA:34,3
DA:35,3
DA:36,3
DA:38,4
DA:39,2
DA:40,2
DA:41,2
DA:42,2
DA:43,2
DA:44,2
DA:45,2
DA:46,2
DA:47,2
DA:50,4
DA:51,2
DA:52,2
DA:53,2
DA:54,2
DA:55,2
DA:56,2
DA:57,2
DA:58,2
DA:59,2
DA:62,3
DA:63,3
DA:64,3
DA:65,3
DA:66,3
DA:67,3
DA:68,3
DA:69,3
DA:70,3
DA:71,3
DA:72,3
LF:42
LH:42
end_of_record
SF:lib\data\models\tv_series\tv_series_detail_model.dart
DA:8,3
DA:60,2
DA:61,2
DA:62,2
DA:63,8
DA:64,2
DA:65,2
DA:66,10
DA:67,2
DA:68,2
DA:69,2
DA:70,8
DA:71,2
DA:72,4
DA:73,2
DA:74,2
DA:75,2
DA:77,10
DA:78,2
DA:79,2
DA:80,2
DA:81,4
DA:82,2
DA:83,2
DA:84,10
DA:85,2
DA:86,2
DA:87,4
DA:88,2
DA:91,2
DA:92,1
DA:94,5
DA:95,1
DA:96,6
DA:97,1
DA:98,1
DA:99,1
DA:100,5
DA:101,1
DA:102,2
DA:103,1
DA:104,1
DA:105,1
DA:107,5
DA:108,1
DA:109,1
DA:110,1
DA:111,1
DA:112,1
DA:113,6
DA:114,1
DA:115,1
DA:116,1
DA:117,1
DA:120,4
DA:121,2
DA:122,8
DA:123,2
DA:124,10
DA:125,2
DA:126,8
DA:127,2
DA:128,2
DA:129,2
DA:130,2
DA:131,8
DA:132,2
DA:133,2
DA:134,2
DA:135,2
DA:136,2
DA:137,10
DA:138,2
DA:139,2
DA:140,2
DA:141,2
DA:144,2
DA:145,2
DA:146,2
DA:147,2
DA:148,2
DA:149,2
DA:150,2
DA:151,2
DA:152,2
DA:153,2
DA:154,2
DA:155,2
DA:156,2
DA:157,2
DA:158,2
DA:159,2
DA:160,2
DA:161,2
DA:162,2
DA:163,2
DA:164,2
DA:165,2
DA:166,2
DA:167,2
DA:168,2
DA:169,2
LF:102
LH:102
end_of_record
SF:lib\data\models\tv_series\tv_series_model.dart
DA:5,4
DA:35,4
DA:36,2
DA:37,2
DA:38,2
DA:39,10
DA:40,2
DA:42,10
DA:43,2
DA:44,2
DA:45,2
DA:46,4
DA:47,2
DA:48,4
DA:49,2
DA:52,2
DA:53,1
DA:54,1
DA:55,1
DA:56,5
DA:57,1
DA:59,5
DA:60,1
DA:61,1
DA:62,1
DA:63,1
DA:64,1
DA:65,1
DA:66,1
DA:69,4
DA:70,2
DA:71,2
DA:72,2
DA:73,2
DA:74,2
DA:75,8
DA:76,2
DA:77,2
DA:78,2
DA:79,2
DA:80,2
DA:81,2
DA:82,2
DA:85,2
DA:86,2
DA:87,2
DA:88,2
DA:89,2
DA:90,2
DA:91,2
DA:92,2
DA:93,2
DA:94,2
DA:95,2
DA:96,2
DA:97,2
DA:98,2
DA:99,2
LF:58
LH:58
end_of_record
SF:lib\data\models\tv_series\tv_series_table.dart
DA:11,3
DA:18,2
DA:19,1
DA:20,1
DA:21,1
DA:22,1
DA:25,2
DA:26,1
DA:27,1
DA:28,1
DA:29,1
DA:32,2
DA:33,1
DA:34,1
DA:35,1
DA:36,1
DA:39,2
DA:40,1
DA:41,1
DA:42,1
DA:43,1
DA:46,2
DA:47,2
DA:48,2
DA:49,2
DA:50,2
DA:51,2
LF:27
LH:27
end_of_record
SF:lib\domain\entities\tv_series\episode.dart
DA:4,4
DA:26,2
DA:27,2
DA:28,2
DA:29,2
DA:30,2
DA:31,2
DA:32,2
DA:33,2
DA:34,2
DA:35,2
DA:36,2
LF:12
LH:12
end_of_record
SF:lib\domain\entities\tv_series\tv_series.dart
DA:5,7
DA:21,1
DA:42,2
DA:43,2
DA:44,2
DA:45,2
DA:46,2
DA:47,2
DA:48,2
DA:49,2
DA:50,2
DA:51,2
DA:52,2
DA:53,2
DA:54,2
DA:55,2
DA:56,2
LF:17
LH:17
end_of_record
SF:lib\domain\entities\tv_series\tv_series_detail.dart
DA:6,7
DA:52,2
DA:53,2
DA:54,2
DA:55,2
DA:56,2
DA:57,2
DA:58,2
DA:59,2
DA:60,2
DA:61,2
DA:62,2
DA:63,2
DA:64,2
DA:65,2
DA:66,2
DA:67,2
DA:68,2
DA:69,2
DA:70,2
DA:71,2
DA:72,2
DA:73,2
DA:74,2
LF:24
LH:24
end_of_record
SF:lib\data\models\movie\movie_response.dart
DA:7,2
DA:9,4
DA:10,4
DA:11,6
DA:12,6
DA:15,2
DA:16,5
DA:19,1
DA:20,2
LF:9
LH:9
end_of_record
SF:lib\data\models\tv_series\epidose_response.dart
DA:7,2
DA:9,2
DA:10,2
DA:11,2
DA:12,8
DA:15,2
DA:16,5
DA:19,1
DA:20,2
LF:9
LH:9
end_of_record
SF:lib\data\models\tv_series\tv_series_response.dart
DA:7,2
DA:9,2
DA:10,2
DA:11,4
DA:12,6
DA:13,6
DA:16,2
DA:17,5
DA:20,1
DA:21,2
LF:10
LH:10
end_of_record
SF:lib\data\models\movie\genre_model.dart
DA:5,3
DA:13,4
DA:14,2
DA:15,2
DA:18,2
DA:19,1
DA:20,1
DA:23,2
DA:24,6
DA:27,2
DA:28,6
LF:11
LH:11
end_of_record
SF:lib\data\models\tv_series\genre_model.dart
DA:5,5
DA:13,8
DA:14,4
DA:15,4
DA:18,6
DA:19,3
DA:20,3
DA:23,4
DA:24,12
DA:27,4
DA:28,12
LF:11
LH:11
end_of_record
SF:lib\data\models\tv_series\season_model.dart
DA:5,3
DA:23,4
DA:24,2
DA:25,2
DA:26,2
DA:27,2
DA:28,2
DA:29,2
DA:30,2
DA:33,2
DA:34,1
DA:35,1
DA:36,1
DA:37,1
DA:38,1
DA:39,1
DA:40,1
DA:43,4
DA:44,2
DA:45,2
DA:46,2
DA:47,2
DA:48,2
DA:49,2
DA:50,2
DA:53,2
DA:54,2
DA:55,2
DA:56,2
DA:57,2
DA:58,2
DA:59,2
DA:60,2
DA:61,2
LF:34
LH:34
end_of_record
SF:lib\domain\entities\tv_series\season.dart
DA:4,7
DA:22,2
DA:23,2
DA:24,2
DA:25,2
DA:26,2
DA:27,2
DA:28,2
DA:29,2
DA:30,2
LF:10
LH:10
end_of_record
SF:lib\data\repositories\movie_repository_impl.dart
DA:17,1
DA:23,1
DA:25,3
DA:26,5
DA:27,1
DA:28,2
DA:29,1
DA:30,2
DA:35,1
DA:37,3
DA:38,2
DA:39,1
DA:40,2
DA:41,1
DA:42,2
DA:47,1
DA:49,3
DA:50,3
DA:51,1
DA:52,2
DA:53,1
DA:54,2
DA:59,1
DA:61,3
DA:62,5
DA:63,1
DA:64,2
DA:65,1
DA:66,2
DA:71,1
DA:73,3
DA:74,5
DA:75,1
DA:76,2
DA:77,1
DA:78,2
DA:83,1
DA:85,3
DA:86,5
DA:87,1
DA:88,2
DA:89,1
DA:90,2
DA:95,1
DA:97,2
DA:98,2
DA:99,1
DA:100,1
DA:101,3
DA:108,1
DA:110,2
DA:111,2
DA:112,1
DA:113,1
DA:114,3
DA:119,1
DA:120,3
DA:125,1
DA:126,3
DA:127,5
LF:60
LH:60
end_of_record
SF:lib\data\repositories\tv_series_repository_impl.dart
DA:18,1
DA:24,1
DA:26,3
DA:27,5
DA:28,1
DA:29,2
DA:30,1
DA:31,2
DA:36,1
DA:38,3
DA:39,5
DA:40,1
DA:41,2
DA:42,1
DA:43,2
DA:48,1
DA:50,3
DA:51,5
DA:52,1
DA:53,2
DA:54,1
DA:55,2
DA:60,1
DA:62,3
DA:63,2
DA:64,1
DA:65,2
DA:66,1
DA:67,2
DA:72,1
DA:75,3
DA:76,5
DA:77,1
DA:78,2
DA:79,1
DA:80,2
DA:85,1
DA:89,3
DA:90,5
DA:91,1
DA:92,2
DA:93,1
DA:94,2
DA:99,1
DA:101,3
DA:102,5
DA:103,1
DA:104,2
DA:105,1
DA:106,2
DA:111,1
DA:114,2
DA:115,2
DA:116,1
DA:117,1
DA:118,3
DA:125,1
DA:128,2
DA:129,2
DA:130,1
DA:131,1
DA:132,3
DA:137,1
DA:138,3
DA:143,1
DA:145,3
DA:146,5
DA:147,1
DA:148,3
LF:69
LH:69
end_of_record
SF:lib\domain\usecases\movie\get_movie_detail.dart
DA:9,1
DA:11,1
DA:12,2
LF:3
LH:3
end_of_record
SF:lib\common\state_enum.dart
DA:1,39
LF:1
LH:1
end_of_record
SF:lib\domain\usecases\tv_series\get_detail_tv_series.dart
DA:9,1
DA:11,1
DA:12,2
LF:3
LH:3
end_of_record
SF:lib\domain\usecases\tv_series\get_recommendation_tv_series.dart
DA:9,1
DA:11,1
DA:12,2
LF:3
LH:3
end_of_record
SF:lib\domain\usecases\tv_series\get_tv_series_episode.dart
DA:9,1
DA:11,1
DA:12,2
LF:3
LH:3
end_of_record
SF:lib\domain\usecases\tv_series\get_watchlist_tv_series_status.dart
DA:6,1
DA:8,1
DA:9,2
LF:3
LH:3
end_of_record
SF:lib\domain\usecases\tv_series\remove_watchlist_tv_series.dart
DA:9,1
DA:11,1
DA:12,2
LF:3
LH:3
end_of_record
SF:lib\domain\usecases\tv_series\save_watchlist_tv_series.dart
DA:9,1
DA:11,1
DA:12,2
LF:3
LH:3
end_of_record
SF:lib\presentation\provider\tv_series\tv_series_detail_notifier.dart
DA:24,1
DA:34,2
DA:37,2
DA:40,2
DA:43,2
DA:46,2
DA:49,2
DA:52,2
DA:55,2
DA:57,1
DA:58,1
DA:59,1
DA:61,3
DA:62,3
DA:64,1
DA:65,1
DA:66,1
DA:68,2
DA:69,1
DA:71,1
DA:72,1
DA:74,1
DA:75,1
DA:77,1
DA:78,1
DA:79,1
DA:80,2
DA:82,1
DA:83,1
DA:84,1
DA:87,1
DA:88,1
DA:93,1
DA:94,1
DA:95,1
DA:97,3
DA:99,1
DA:100,1
DA:101,1
DA:103,2
DA:104,1
DA:106,1
DA:107,1
DA:109,1
DA:110,1
DA:116,2
DA:118,1
DA:119,3
DA:121,1
DA:122,1
DA:123,2
DA:125,1
DA:126,1
DA:130,3
DA:133,1
DA:134,3
DA:136,1
DA:137,3
DA:138,2
DA:141,3
DA:144,1
DA:145,3
DA:147,1
DA:148,1
LF:64
LH:64
end_of_record
SF:lib\common\constants.dart
DA:15,4
DA:16,2
DA:17,18
DA:19,0
DA:21,0
DA:25,0
LF:6
LH:3
end_of_record
SF:lib\presentation\widgets\episode_card_list.dart
DA:11,2
DA:15,2
DA:17,2
DA:18,2
DA:22,2
DA:24,2
DA:25,4
DA:26,4
DA:27,10
DA:30,2
DA:32,2
DA:33,4
DA:34,2
DA:36,4
DA:37,0
DA:38,0
DA:39,0
DA:41,0
DA:42,0
DA:46,0
DA:47,0
DA:50,0
DA:52,0
DA:53,0
DA:54,0
DA:55,0
DA:56,0
DA:59,0
DA:61,0
DA:62,0
DA:66,0
DA:67,0
DA:69,0
DA:70,0
DA:73,0
DA:76,0
DA:78,0
DA:80,0
DA:81,0
DA:82,0
DA:83,0
DA:86,0
DA:87,0
DA:88,0
DA:93,0
DA:96,0
DA:97,0
LF:47
LH:14
end_of_record
SF:lib\domain\usecases\movie\get_movie_recommendations.dart
DA:9,1
DA:11,1
DA:12,2
LF:3
LH:3
end_of_record
SF:lib\domain\usecases\movie\get_now_playing_movies.dart
DA:9,1
DA:11,1
DA:12,2
LF:3
LH:3
end_of_record
SF:lib\domain\usecases\movie\get_popular_movies.dart
DA:9,1
DA:11,1
DA:12,2
LF:3
LH:3
end_of_record
SF:lib\domain\usecases\movie\get_top_rated_movies.dart
DA:9,1
DA:11,1
DA:12,2
LF:3
LH:3
end_of_record
SF:lib\domain\usecases\movie\get_watchlist_movie_status.dart
DA:6,1
DA:8,1
DA:9,2
LF:3
LH:3
end_of_record
SF:lib\domain\usecases\movie\get_watchlist_movies.dart
DA:9,1
DA:11,1
DA:12,2
LF:3
LH:3
end_of_record
SF:lib\domain\usecases\movie\remove_watchlist_movie.dart
DA:9,1
DA:11,1
DA:12,2
LF:3
LH:3
end_of_record
SF:lib\domain\usecases\movie\save_watchlist_movie.dart
DA:9,1
DA:11,1
DA:12,2
LF:3
LH:3
end_of_record
SF:lib\presentation\pages\movie\movie_detail_page.dart
DA:18,1
DA:20,1
DA:21,1
DA:25,1
DA:27,1
DA:28,2
DA:29,2
DA:30,3
DA:31,2
DA:32,3
DA:36,1
DA:38,1
DA:39,1
DA:40,1
DA:41,2
DA:42,0
DA:43,0
DA:45,2
DA:46,1
DA:47,1
DA:48,1
DA:50,1
DA:51,1
DA:55,0
DA:68,1
DA:70,1
DA:72,3
DA:73,1
DA:74,1
DA:75,1
DA:76,3
DA:78,2
DA:79,1
DA:81,0
DA:83,1
DA:85,1
DA:86,1
DA:87,1
DA:88,1
DA:90,2
DA:97,1
DA:98,1
DA:99,1
DA:101,1
DA:103,1
DA:105,1
DA:106,1
DA:107,2
DA:108,1
DA:110,1
DA:111,1
DA:112,1
DA:113,2
DA:116,2
DA:117,1
DA:118,1
DA:119,1
DA:122,1
DA:125,2
DA:128,2
DA:129,1
DA:130,1
DA:131,1
DA:134,1
DA:139,1
DA:141,1
DA:143,1
DA:146,1
DA:149,2
DA:150,2
DA:152,1
DA:154,1
DA:155,1
DA:156,1
DA:161,1
DA:163,1
DA:164,1
DA:165,1
DA:166,1
DA:167,1
DA:171,1
DA:172,3
DA:174,1
DA:175,3
DA:177,1
DA:178,1
DA:179,1
DA:180,3
DA:182,2
DA:188,4
DA:191,1
DA:192,1
DA:194,1
DA:196,1
DA:197,2
DA:199,1
DA:200,1
DA:202,1
DA:204,1
DA:205,1
DA:206,2
DA:208,1
DA:209,1
DA:210,1
DA:213,2
DA:215,2
DA:216,1
DA:217,2
DA:219,1
DA:221,1
DA:222,1
DA:224,0
DA:225,0
DA:226,0
DA:228,0
DA:229,0
DA:230,0
DA:233,0
DA:236,0
DA:237,0
DA:238,0
DA:240,0
DA:241,0
DA:246,2
DA:250,0
DA:258,1
DA:260,1
DA:275,1
DA:277,1
DA:280,1
DA:281,1
DA:282,1
DA:283,1
DA:284,1
DA:293,1
DA:295,2
DA:296,3
DA:299,1
DA:303,3
DA:306,1
DA:307,1
DA:308,1
DA:310,1
DA:311,1
DA:313,0
LF:145
LH:127
end_of_record
SF:lib\presentation\provider\movie\movie_detail_notifier.dart
DA:22,1
DA:31,2
DA:34,2
DA:37,2
DA:40,2
DA:43,2
DA:46,2
DA:48,1
DA:49,1
DA:50,1
DA:51,3
DA:52,3
DA:53,1
DA:54,1
DA:55,1
DA:56,2
DA:57,1
DA:59,1
DA:60,1
DA:61,1
DA:62,1
DA:64,1
DA:65,1
DA:66,1
DA:67,2
DA:69,1
DA:70,1
DA:71,1
DA:74,1
DA:75,1
DA:81,2
DA:83,1
DA:84,3
DA:86,2
DA:87,1
DA:88,2
DA:90,1
DA:91,1
DA:95,3
DA:98,1
DA:99,3
DA:101,2
DA:102,1
DA:103,2
DA:105,1
DA:106,1
DA:110,3
DA:113,1
DA:114,3
DA:115,1
DA:116,1
LF:51
LH:51
end_of_record
SF:lib\presentation\provider\movie\watchlist_movie_notifier.dart
DA:8,2
DA:11,2
DA:14,2
DA:16,1
DA:22,1
DA:23,1
DA:24,1
DA:26,3
DA:27,1
DA:28,1
DA:29,1
DA:30,2
DA:31,1
DA:33,1
DA:34,1
DA:35,1
DA:36,1
LF:17
LH:17
end_of_record
SF:lib\presentation\provider\movie\movie_list_notifier.dart
DA:10,2
DA:13,2
DA:16,2
DA:19,2
DA:22,2
DA:25,2
DA:28,2
DA:30,1
DA:40,1
DA:41,1
DA:42,1
DA:44,3
DA:45,1
DA:46,1
DA:47,1
DA:48,2
DA:49,1
DA:51,1
DA:52,1
DA:53,1
DA:54,1
DA:59,1
DA:60,1
DA:61,1
DA:63,3
DA:64,1
DA:65,1
DA:66,1
DA:67,2
DA:68,1
DA:70,1
DA:71,1
DA:72,1
DA:73,1
DA:78,1
DA:79,1
DA:80,1
DA:82,3
DA:83,1
DA:84,1
DA:85,1
DA:86,2
DA:87,1
DA:89,1
DA:90,1
DA:91,1
DA:92,1
LF:47
LH:47
end_of_record
SF:lib\presentation\widgets\movie_card_list.dart
DA:10,0
DA:12,0
DA:14,0
DA:16,0
DA:17,0
DA:18,0
DA:19,0
DA:22,0
DA:25,0
DA:27,0
DA:28,0
DA:29,0
DA:35,0
DA:37,0
DA:38,0
DA:39,0
DA:42,0
DA:44,0
DA:45,0
DA:46,0
DA:54,0
DA:59,0
DA:60,0
DA:61,0
DA:63,0
DA:64,0
DA:66,0
DA:68,0
LF:28
LH:0
end_of_record
SF:lib\domain\usecases\movie\search_movies.dart
DA:9,1
DA:11,1
DA:12,2
LF:3
LH:3
end_of_record
SF:lib\domain\usecases\tv_series\get_now_playing_tv_series.dart
DA:9,1
DA:11,1
DA:12,2
LF:3
LH:3
end_of_record
SF:lib\domain\usecases\tv_series\get_popular_tv_series.dart
DA:9,1
DA:11,1
DA:12,2
LF:3
LH:3
end_of_record
SF:lib\domain\usecases\tv_series\get_top_rated_tv_series.dart
DA:9,1
DA:11,1
DA:12,2
LF:3
LH:3
end_of_record
SF:lib\domain\usecases\tv_series\get_watchlist_tv_series.dart
DA:9,1
DA:11,1
DA:12,2
LF:3
LH:3
end_of_record
SF:lib\domain\usecases\tv_series\search_tv_series.dart
DA:9,1
DA:11,1
DA:12,2
LF:3
LH:3
end_of_record
SF:lib\presentation\pages\movie\home_movie_page.dart
DA:19,1
DA:20,1
DA:24,1
DA:26,1
DA:27,1
DA:28,3
DA:29,1
DA:30,1
DA:31,1
DA:35,1
DA:37,1
DA:38,1
DA:39,1
DA:40,1
DA:41,1
DA:42,1
DA:43,1
DA:45,1
DA:46,1
DA:48,1
DA:49,1
DA:50,1
DA:51,0
DA:52,0
DA:55,1
DA:56,1
DA:57,1
DA:58,0
DA:59,0
DA:65,1
DA:66,1
DA:67,1
DA:68,0
DA:69,0
DA:72,1
DA:73,0
DA:74,0
DA:76,1
DA:77,1
DA:82,1
DA:83,1
DA:84,1
DA:85,1
DA:86,0
DA:87,0
DA:89,1
DA:93,1
DA:95,1
DA:96,1
DA:98,1
DA:99,1
DA:100,2
DA:101,1
DA:102,1
DA:103,1
DA:104,1
DA:106,1
DA:107,1
DA:108,1
DA:111,1
DA:114,1
DA:116,0
DA:117,0
DA:119,2
DA:120,1
DA:121,1
DA:122,1
DA:123,1
DA:125,1
DA:126,1
DA:127,1
DA:130,1
DA:133,1
DA:135,0
DA:136,0
DA:138,2
DA:139,1
DA:140,1
DA:141,1
DA:142,1
DA:144,1
DA:145,1
DA:146,1
DA:149,1
DA:159,1
DA:160,1
DA:162,1
DA:163,1
DA:165,1
DA:167,1
DA:169,1
DA:171,1
DA:172,3
DA:184,2
DA:186,1
DA:188,1
DA:190,1
DA:191,2
DA:193,0
DA:194,0
DA:195,0
DA:197,0
DA:198,0
DA:199,0
DA:200,0
DA:203,0
DA:206,0
DA:207,0
DA:208,0
DA:209,0
DA:210,0
DA:211,0
DA:212,0
DA:214,0
LF:114
LH:84
end_of_record
SF:lib\presentation\pages\about_page.dart
DA:7,0
DA:9,0
DA:10,0
DA:11,0
DA:12,0
DA:13,0
DA:14,0
DA:15,0
DA:17,0
DA:18,0
DA:25,0
DA:26,0
DA:29,0
DA:31,0
DA:38,0
DA:39,0
DA:40,0
DA:41,0
LF:18
LH:0
end_of_record
SF:lib\presentation\pages\movie\popular_movies_page.dart
DA:10,1
DA:11,1
DA:15,1
DA:17,1
DA:18,2
DA:19,2
DA:20,1
DA:23,1
DA:25,1
DA:26,1
DA:27,1
DA:29,1
DA:31,1
DA:32,1
DA:33,2
DA:34,1
DA:35,1
DA:37,2
DA:38,1
DA:39,0
DA:40,0
DA:42,2
DA:45,1
DA:46,1
DA:47,2
LF:25
LH:23
end_of_record
SF:lib\presentation\pages\movie\search_movie_page.dart
DA:11,1
DA:13,1
DA:14,1
DA:15,1
DA:17,1
DA:19,1
DA:21,1
DA:22,1
DA:23,1
DA:24,1
DA:25,1
DA:26,1
DA:28,1
DA:30,1
DA:31,1
DA:35,1
DA:36,1
DA:38,1
DA:40,1
DA:41,1
DA:42,2
DA:43,1
DA:44,1
DA:46,2
DA:47,1
DA:48,1
DA:49,1
DA:51,0
DA:52,0
DA:54,1
DA:58,1
DA:59,1
LF:32
LH:30
end_of_record
SF:lib\presentation\pages\movie\top_rated_movies_page.dart
DA:10,1
DA:11,1
DA:15,1
DA:17,1
DA:18,2
DA:19,2
DA:20,1
DA:23,1
DA:25,1
DA:26,1
DA:27,1
DA:29,1
DA:31,1
DA:32,1
DA:33,2
DA:34,1
DA:35,1
DA:37,2
DA:38,1
DA:39,0
DA:40,0
DA:42,2
DA:45,1
DA:46,1
DA:47,2
LF:25
LH:23
end_of_record
SF:lib\presentation\pages\movie\watchlist_movie_page.dart
DA:10,1
DA:11,1
DA:15,1
DA:17,1
DA:18,1
DA:19,1
DA:20,2
DA:21,1
DA:26,1
DA:28,1
DA:29,1
DA:30,1
DA:32,1
DA:34,1
DA:35,1
DA:36,2
DA:37,1
DA:38,1
DA:40,2
DA:41,1
DA:42,0
DA:43,0
DA:45,2
DA:48,1
DA:49,1
DA:50,2
LF:26
LH:24
end_of_record
SF:lib\presentation\pages\tv_series\home_tv_series_page.dart
DA:19,2
DA:21,1
DA:22,1
DA:26,1
DA:28,1
DA:29,1
DA:30,3
DA:31,1
DA:32,1
DA:33,1
DA:37,1
DA:39,1
DA:40,1
DA:41,1
DA:42,1
DA:43,1
DA:44,1
DA:45,1
DA:47,1
DA:48,1
DA:50,1
DA:51,1
DA:52,1
DA:53,0
DA:54,0
DA:60,1
DA:61,1
DA:62,1
DA:63,0
DA:64,0
DA:67,1
DA:68,1
DA:69,1
DA:70,0
DA:71,0
DA:77,1
DA:78,0
DA:79,0
DA:84,1
DA:85,1
DA:90,1
DA:91,1
DA:92,1
DA:93,1
DA:94,0
DA:95,0
DA:97,1
DA:101,1
DA:103,1
DA:104,1
DA:106,1
DA:107,1
DA:109,0
DA:114,2
DA:115,1
DA:116,1
DA:117,1
DA:118,1
DA:120,1
DA:121,2
DA:123,1
DA:126,1
DA:128,0
DA:131,2
DA:132,1
DA:133,1
DA:134,1
DA:135,1
DA:137,1
DA:138,2
DA:140,1
DA:143,1
DA:145,0
DA:148,2
DA:149,1
DA:150,1
DA:151,1
DA:152,1
DA:154,1
DA:155,2
DA:157,1
DA:167,1
DA:168,1
DA:170,1
DA:171,1
DA:173,1
DA:175,1
DA:177,1
DA:179,1
DA:180,3
DA:192,1
DA:194,1
DA:196,1
DA:198,1
DA:200,0
DA:201,0
DA:202,0
DA:204,0
DA:205,0
DA:206,0
DA:209,0
DA:212,0
DA:213,0
DA:214,0
DA:215,0
DA:216,0
DA:217,0
DA:219,0
DA:225,2
LF:109
LH:82
end_of_record
SF:lib\presentation\provider\movie\popular_movies_notifier.dart
DA:9,1
DA:12,2
DA:15,2
DA:18,2
DA:20,1
DA:21,1
DA:22,1
DA:24,3
DA:26,1
DA:27,1
DA:28,2
DA:29,1
DA:30,1
DA:32,1
DA:33,1
DA:34,1
DA:35,1
LF:17
LH:17
end_of_record
SF:lib\presentation\provider\movie\movie_search_notifier.dart
DA:9,1
DA:12,2
DA:15,2
DA:18,2
DA:20,1
DA:21,1
DA:22,1
DA:24,3
DA:25,1
DA:26,1
DA:27,2
DA:28,1
DA:29,1
DA:31,1
DA:32,1
DA:33,1
DA:34,1
LF:17
LH:17
end_of_record
SF:lib\presentation\provider\movie\top_rated_movies_notifier.dart
DA:9,1
DA:12,2
DA:15,2
DA:18,2
DA:20,1
DA:21,1
DA:22,1
DA:24,3
DA:26,1
DA:27,1
DA:28,2
DA:29,1
DA:30,1
DA:32,1
DA:33,1
DA:34,1
DA:35,1
LF:17
LH:17
end_of_record
SF:lib\presentation\pages\tv_series\search_tv_series_page.dart
DA:11,1
DA:13,1
DA:14,1
DA:15,1
DA:17,1
DA:19,1
DA:21,1
DA:22,1
DA:23,1
DA:24,1
DA:25,1
DA:26,1
DA:28,1
DA:30,1
DA:31,1
DA:35,1
DA:36,1
DA:38,1
DA:40,1
DA:41,1
DA:42,2
DA:43,1
DA:44,1
DA:46,2
DA:47,1
DA:48,1
DA:49,1
DA:51,0
DA:52,0
DA:54,1
DA:58,1
DA:59,1
LF:32
LH:30
end_of_record
SF:lib\presentation\pages\tv_series\top_rated_tv_series_page.dart
DA:9,2
DA:11,1
DA:12,1
DA:16,1
DA:18,1
DA:19,1
DA:20,3
DA:21,1
DA:25,1
DA:27,1
DA:28,1
DA:29,1
DA:31,1
DA:33,1
DA:34,1
DA:35,2
DA:36,1
DA:37,1
DA:39,2
DA:40,1
DA:41,1
DA:42,0
DA:43,0
DA:45,2
DA:48,1
DA:49,1
DA:50,2
LF:27
LH:25
end_of_record
SF:lib\presentation\pages\tv_series\now_playing_tv_series_page.dart
DA:9,2
DA:11,1
DA:12,1
DA:16,1
DA:18,1
DA:19,2
DA:20,2
DA:21,1
DA:24,1
DA:26,1
DA:27,1
DA:28,1
DA:30,1
DA:32,1
DA:33,1
DA:34,2
DA:35,1
DA:36,1
DA:38,2
DA:39,1
DA:40,0
DA:41,0
DA:43,2
DA:46,1
DA:47,1
DA:48,2
LF:26
LH:24
end_of_record
SF:lib\presentation\pages\tv_series\popular_tv_series_page.dart
DA:9,2
DA:11,1
DA:12,1
DA:16,1
DA:18,1
DA:19,2
DA:20,2
DA:21,1
DA:24,1
DA:26,1
DA:27,1
DA:28,1
DA:30,1
DA:32,1
DA:33,1
DA:34,2
DA:35,1
DA:36,1
DA:38,2
DA:39,1
DA:40,0
DA:41,0
DA:43,2
DA:46,1
DA:47,1
DA:48,2
LF:26
LH:24
end_of_record
SF:lib\presentation\pages\tv_series\tv_series_detail_page.dart
DA:18,2
DA:20,1
DA:21,1
DA:26,1
DA:28,1
DA:29,1
DA:30,1
DA:31,2
DA:32,2
DA:33,3
DA:34,2
DA:35,3
DA:41,1
DA:43,1
DA:44,1
DA:45,1
DA:46,1
DA:47,2
DA:48,0
DA:49,0
DA:51,2
DA:52,1
DA:53,1
DA:54,1
DA:56,1
DA:57,1
DA:61,0
DA:74,1
DA:76,1
DA:77,1
DA:82,2
DA:83,4
DA:87,1
DA:89,3
DA:90,1
DA:91,1
DA:92,1
DA:93,4
DA:95,2
DA:96,1
DA:98,0
DA:100,1
DA:102,1
DA:103,1
DA:104,1
DA:105,1
DA:107,2
DA:114,1
DA:115,1
DA:116,1
DA:118,1
DA:120,1
DA:122,1
DA:123,1
DA:124,3
DA:125,1
DA:127,1
DA:128,1
DA:129,2
DA:130,2
DA:133,3
DA:134,1
DA:135,2
DA:139,1
DA:142,2
DA:145,3
DA:146,1
DA:147,2
DA:151,1
DA:156,1
DA:158,1
DA:160,1
DA:163,1
DA:166,2
DA:167,2
DA:169,1
DA:171,1
DA:172,1
DA:173,1
DA:178,1
DA:180,1
DA:181,2
DA:182,1
DA:183,1
DA:184,1
DA:188,1
DA:189,4
DA:191,1
DA:192,5
DA:194,1
DA:195,1
DA:196,1
DA:197,4
DA:199,2
DA:205,5
DA:208,1
DA:211,1
DA:212,1
DA:215,1
DA:216,1
DA:217,3
DA:218,4
DA:219,1
DA:221,1
DA:223,1
DA:224,1
DA:225,5
DA:226,1
DA:227,1
DA:228,1
DA:229,3
DA:230,1
DA:234,1
DA:237,1
DA:238,1
DA:240,1
DA:242,1
DA:243,3
DA:245,1
DA:246,1
DA:248,1
DA:250,1
DA:251,1
DA:252,2
DA:254,1
DA:255,1
DA:256,1
DA:259,2
DA:261,1
DA:262,1
DA:263,1
DA:265,2
DA:267,1
DA:269,1
DA:270,1
DA:272,0
DA:274,0
DA:275,0
DA:277,0
DA:278,0
DA:279,0
DA:282,0
DA:285,0
DA:286,0
DA:287,0
DA:289,0
DA:290,0
DA:296,3
DA:300,0
DA:308,1
DA:310,1
DA:325,1
DA:327,1
DA:330,1
DA:331,1
DA:332,1
DA:333,2
DA:341,1
DA:343,2
DA:344,3
DA:347,1
DA:351,3
DA:354,1
DA:355,1
DA:356,1
DA:358,1
DA:359,0
DA:361,1
LF:168
LH:150
end_of_record
SF:lib\presentation\pages\tv_series\watchlist_tv_series_page.dart
DA:10,1
DA:11,1
DA:15,1
DA:17,1
DA:18,1
DA:19,1
DA:20,2
DA:21,1
DA:26,1
DA:28,1
DA:29,1
DA:30,1
DA:32,1
DA:34,1
DA:35,1
DA:36,2
DA:37,1
DA:38,1
DA:40,2
DA:41,1
DA:42,0
DA:43,0
DA:45,2
DA:48,1
DA:49,1
DA:50,2
LF:26
LH:24
end_of_record
SF:lib\presentation\provider\tv_series\tv_series_list_notifier.dart
DA:10,2
DA:13,2
DA:16,2
DA:19,2
DA:22,2
DA:25,2
DA:28,2
DA:30,1
DA:40,1
DA:41,1
DA:42,1
DA:44,3
DA:45,1
DA:46,1
DA:47,1
DA:48,2
DA:49,1
DA:51,1
DA:52,1
DA:53,1
DA:54,1
DA:59,1
DA:60,1
DA:61,1
DA:63,3
DA:64,1
DA:65,1
DA:66,1
DA:67,2
DA:68,1
DA:70,1
DA:71,1
DA:72,1
DA:73,1
DA:78,1
DA:79,1
DA:80,1
DA:82,3
DA:84,1
DA:85,1
DA:86,2
DA:87,1
DA:88,1
DA:90,1
DA:91,1
DA:92,1
DA:93,1
LF:47
LH:47
end_of_record
SF:lib\presentation\widgets\tv_card_list.dart
DA:10,0
DA:12,0
DA:14,0
DA:16,0
DA:17,0
DA:18,0
DA:21,0
DA:24,0
DA:26,0
DA:27,0
DA:28,0
DA:34,0
DA:36,0
DA:37,0
DA:38,0
DA:41,0
DA:43,0
DA:44,0
DA:45,0
DA:53,0
DA:58,0
DA:59,0
DA:60,0
DA:62,0
DA:63,0
DA:65,0
DA:67,0
LF:27
LH:0
end_of_record
SF:lib\presentation\provider\tv_series\tv_series_search_notifier.dart
DA:9,1
DA:12,2
DA:15,2
DA:18,2
DA:20,1
DA:21,1
DA:22,1
DA:24,3
DA:26,1
DA:27,1
DA:28,1
DA:29,2
DA:31,1
DA:33,1
DA:34,1
DA:35,1
DA:37,1
LF:17
LH:17
end_of_record
SF:lib\presentation\provider\tv_series\watchlist_tv_series_notifier.dart
DA:9,1
DA:12,2
DA:15,2
DA:18,2
DA:20,1
DA:21,1
DA:22,3
DA:24,2
DA:25,1
DA:26,2
DA:28,1
DA:29,1
DA:30,1
DA:31,1
DA:33,1
LF:15
LH:15
end_of_record
